<?xml version="1.0" encoding="utf-8"?><testsuites name="pytest tests"><testsuite name="pytest" errors="0" failures="0" skipped="0" tests="20" time="2.417" timestamp="2026-04-04T01:19:19.225835+00:00" hostname="agent-env-ccde8a06-fc09-44c1-8db6-efeb0841abef"><testcase classname="backend.tests.test_auth_flow.TestRegistration" name="test_register_new_user" time="0.457" /><testcase classname="backend.tests.test_auth_flow.TestRegistration" name="test_register_duplicate_email_returns_409" time="0.050" /><testcase classname="backend.tests.test_auth_flow.TestRegistration" name="test_register_short_password_returns_400" time="0.051" /><testcase classname="backend.tests.test_auth_flow.TestLogin" name="test_login_user_a" time="0.274" /><testcase classname="backend.tests.test_auth_flow.TestLogin" name="test_login_user_b" time="0.272" /><testcase classname="backend.tests.test_auth_flow.TestLogin" name="test_login_wrong_password_returns_401" time="0.275" /><testcase classname="backend.tests.test_auth_flow.TestLogin" name="test_login_unknown_email_returns_401" time="0.051" /><testcase classname="backend.tests.test_auth_flow.TestGetMe" name="test_get_me_with_valid_jwt" time="0.060" /><testcase classname="backend.tests.test_auth_flow.TestGetMe" name="test_get_me_without_token_returns_401" time="0.050" /><testcase classname="backend.tests.test_auth_flow.TestGetMe" name="test_get_me_with_bad_token_returns_401" time="0.048" /><testcase classname="backend.tests.test_auth_flow.TestSocialAuth" name="test_apple_fake_token_returns_401_not_crash" time="0.050" /><testcase classname="backend.tests.test_auth_flow.TestSocialAuth" name="test_unknown_provider_returns_400" time="0.048" /><testcase classname="backend.tests.test_auth_flow.TestLogout" name="test_logout_returns_success" time="0.047" /><testcase classname="backend.tests.test_auth_flow.TestUserDataIsolation" name="test_profile_user_a" time="0.048" /><testcase classname="backend.tests.test_auth_flow.TestUserDataIsolation" name="test_profile_user_b" time="0.051" /><testcase classname="backend.tests.test_auth_flow.TestUserDataIsolation" name="test_profiles_are_different" time="0.205" /><testcase classname="backend.tests.test_auth_flow.TestOtherEndpoints" name="test_plan_session_today" time="0.093" /><testcase classname="backend.tests.test_auth_flow.TestOtherEndpoints" name="test_prs_bests_overview" time="0.059" /><testcase classname="backend.tests.test_auth_flow.TestOtherEndpoints" name="test_seed_no_auth" time="0.052" /><testcase classname="backend.tests.test_auth_flow.TestOtherEndpoints" name="test_coach_conversations" time="0.101" /></testsuite></testsuites>