<?xml version="1.0" encoding="utf-8"?><testsuites name="pytest tests"><testsuite name="pytest" errors="0" failures="0" skipped="0" tests="6" time="13.362" timestamp="2026-04-04T20:10:57.771973+00:00" hostname="agent-env-ccde8a06-fc09-44c1-8db6-efeb0841abef"><testcase classname="backend.tests.test_bug3_bug6_bug5.TestGoalMapping" name="test_strongman_goal_returns_strongman_plan" time="8.198" /><testcase classname="backend.tests.test_bug3_bug6_bug5.TestGoalMapping" name="test_general_fitness_goal_returns_general_plan" time="4.623" /><testcase classname="backend.tests.test_bug3_bug6_bug5.TestChangelogAPI" name="test_changelog_returns_200" time="0.112" /><testcase classname="backend.tests.test_bug3_bug6_bug5.TestChangelogAPI" name="test_changelog_returns_changes_list" time="0.149" /><testcase classname="backend.tests.test_bug3_bug6_bug5.TestLogCRUD" name="test_create_log_entry" time="0.114" /><testcase classname="backend.tests.test_bug3_bug6_bug5.TestLogCRUD" name="test_list_log_entries" time="0.107" /></testsuite></testsuites>