<?xml version="1.0" encoding="utf-8"?><testsuites name="pytest tests"><testsuite name="pytest" errors="0" failures="0" skipped="0" tests="7" time="10.655" timestamp="2026-04-04T07:22:22.558205+00:00" hostname="agent-env-ccde8a06-fc09-44c1-8db6-efeb0841abef"><testcase classname="backend.tests.test_bug8_settings_save.TestLoginFlow" name="test_login_success" time="0.379" /><testcase classname="backend.tests.test_bug8_settings_save.TestProfileIntakeUpsert" name="test_intake_upserts_profile" time="3.945" /><testcase classname="backend.tests.test_bug8_settings_save.TestProfileIntakeUpsert" name="test_get_profile_after_intake" time="0.121" /><testcase classname="backend.tests.test_bug8_settings_save.TestInjuryPreview" name="test_injury_preview_returns_200" time="0.105" /><testcase classname="backend.tests.test_bug8_settings_save.TestApplyInjuryUpdate" name="test_apply_injury_update_returns_200" time="0.103" /><testcase classname="backend.tests.test_bug8_settings_save.TestCoachChangeLog" name="test_change_log_has_entries" time="0.112" /><testcase classname="backend.tests.test_bug8_settings_save.TestBug5StrongmanShoulderFallback" name="test_strongman_shoulder_injury_fallback" time="5.833" /></testsuite></testsuites>