<?xml version="1.0" encoding="utf-8"?><testsuites name="pytest tests"><testsuite name="pytest" errors="0" failures="4" skipped="0" tests="24" time="15.753" timestamp="2026-04-04T07:16:45.407242+00:00" hostname="agent-env-ccde8a06-fc09-44c1-8db6-efeb0841abef"><testcase classname="backend.tests.test_bugs_2_5_6_8_14.TestAuthRegisterLogin" name="test_register_strongman" time="0.178" /><testcase classname="backend.tests.test_bugs_2_5_6_8_14.TestAuthRegisterLogin" name="test_login_strongman" time="0.327" /><testcase classname="backend.tests.test_bugs_2_5_6_8_14.TestAuthRegisterLogin" name="test_register_hypertrophy" time="0.106" /><testcase classname="backend.tests.test_bugs_2_5_6_8_14.TestAuthRegisterLogin" name="test_login_hypertrophy" time="0.340" /><testcase classname="backend.tests.test_bugs_2_5_6_8_14.TestStrongmanIntake" name="test_intake_success" time="7.396" /><testcase classname="backend.tests.test_bugs_2_5_6_8_14.TestStrongmanIntake" name="test_profile_has_userId" time="0.000" /><testcase classname="backend.tests.test_bugs_2_5_6_8_14.TestStrongmanIntake" name="test_bodyweight_in_profile" time="0.000" /><testcase classname="backend.tests.test_bugs_2_5_6_8_14.TestStrongmanIntake" name="test_me_upper_log_press" time="0.000" /><testcase classname="backend.tests.test_bugs_2_5_6_8_14.TestStrongmanIntake" name="test_no_floor_press_shoulder_injury" time="0.000" /><testcase classname="backend.tests.test_bugs_2_5_6_8_14.TestStrongmanIntake" name="test_me_lower_yoke_walk" time="0.000" /><testcase classname="backend.tests.test_bugs_2_5_6_8_14.TestHypertrophyIntake" name="test_intake_success" time="6.444" /><testcase classname="backend.tests.test_bugs_2_5_6_8_14.TestHypertrophyIntake" name="test_profile_userId_not_default" time="0.000" /><testcase classname="backend.tests.test_bugs_2_5_6_8_14.TestHypertrophyIntake" name="test_no_box_squat_knee_injury" time="0.000" /><testcase classname="backend.tests.test_bugs_2_5_6_8_14.TestHypertrophyIntake" name="test_me_lower_rdl_or_hip_thrust" time="0.000"><failure message="AssertionError: Expected Romanian Deadlift or Hip Thrust as main lower, got: ['Sumo Deadlift']&#10;assert ('Romanian Deadlift' in ['Sumo Deadlift'] or 'Hip Thrust' in ['Sumo Deadlift'])">backend/tests/test_bugs_2_5_6_8_14.py:224: in test_me_lower_rdl_or_hip_thrust
    assert "Romanian Deadlift" in main_exercises or "Hip Thrust" in main_exercises, (
E   AssertionError: Expected Romanian Deadlift or Hip Thrust as main lower, got: ['Sumo Deadlift']
E   assert ('Romanian Deadlift' in ['Sumo Deadlift'] or 'Hip Thrust' in ['Sumo Deadlift'])</failure></testcase><testcase classname="backend.tests.test_bugs_2_5_6_8_14.TestGoalSpecificDifference" name="test_strongman_vs_hypertrophy_main_upper_different" time="0.000"><failure message="AssertionError: Plans should differ. Both have: ['Incline Bench']&#10;assert ['Incline Bench'] != ['Incline Bench']">backend/tests/test_bugs_2_5_6_8_14.py:241: in test_strongman_vs_hypertrophy_main_upper_different
    assert s_main != h_main, f"Plans should differ. Both have: {s_main}"
E   AssertionError: Plans should differ. Both have: ['Incline Bench']
E   assert ['Incline Bench'] != ['Incline Bench']</failure></testcase><testcase classname="backend.tests.test_bugs_2_5_6_8_14.TestGoalSpecificDifference" name="test_strongman_vs_hypertrophy_main_lower_different" time="0.000" /><testcase classname="backend.tests.test_bugs_2_5_6_8_14.TestSettingsSaveFlow" name="test_injury_preview" time="0.125" /><testcase classname="backend.tests.test_bugs_2_5_6_8_14.TestSettingsSaveFlow" name="test_apply_injury_update" time="0.098"><failure message="AssertionError: apply-injury-update failed: {&quot;detail&quot;:&quot;Profile not found for this user&quot;}&#10;assert 404 == 200&#10; +  where 404 = &lt;Response [404]&gt;.status_code">backend/tests/test_bugs_2_5_6_8_14.py:285: in test_apply_injury_update
    assert resp.status_code == 200, f"apply-injury-update failed: {resp.text}"
E   AssertionError: apply-injury-update failed: {"detail":"Profile not found for this user"}
E   assert 404 == 200
E    +  where 404 = &lt;Response [404]&gt;.status_code</failure></testcase><testcase classname="backend.tests.test_bugs_2_5_6_8_14.TestSettingsSaveFlow" name="test_change_log_has_entries" time="0.097"><failure message="AssertionError: Expected at least 1 change-log entry after intake + injury update&#10;assert 0 &gt; 0&#10; +  where 0 = len([])">backend/tests/test_bugs_2_5_6_8_14.py:295: in test_change_log_has_entries
    assert len(changes) &gt; 0, "Expected at least 1 change-log entry after intake + injury update"
E   AssertionError: Expected at least 1 change-log entry after intake + injury update
E   assert 0 &gt; 0
E    +  where 0 = len([])</failure></testcase><testcase classname="backend.tests.test_bugs_2_5_6_8_14.TestRegressionEndpoints" name="test_competition_status_strongman" time="0.104" /><testcase classname="backend.tests.test_bugs_2_5_6_8_14.TestRegressionEndpoints" name="test_rotation_check_strongman" time="0.092" /><testcase classname="backend.tests.test_bugs_2_5_6_8_14.TestRegressionEndpoints" name="test_rehab_status_strongman" time="0.110" /><testcase classname="backend.tests.test_bugs_2_5_6_8_14.TestRegressionEndpoints" name="test_competition_status_hypertrophy" time="0.103" /><testcase classname="backend.tests.test_bugs_2_5_6_8_14.TestRegressionEndpoints" name="test_rotation_check_hypertrophy" time="0.118" /></testsuite></testsuites>