<?xml version="1.0" encoding="utf-8"?><testsuites name="pytest tests"><testsuite name="pytest" errors="0" failures="4" skipped="0" tests="10" time="2.900" timestamp="2026-04-05T15:56:37.168420+00:00" hostname="agent-env-ccde8a06-fc09-44c1-8db6-efeb0841abef"><testcase classname="backend.tests.test_calendar_features.TestPreferredDays" name="test_set_preferred_days" time="0.624" /><testcase classname="backend.tests.test_calendar_features.TestPreferredDays" name="test_set_preferred_days_invalid_day" time="0.102"><failure message="AssertionError: Expected 400/422 for invalid day, got 200&#10;assert 200 in (400, 422)&#10; +  where 200 = &lt;Response [200]&gt;.status_code">backend/tests/test_calendar_features.py:68: in test_set_preferred_days_invalid_day
    assert r.status_code in (400, 422), f"Expected 400/422 for invalid day, got {r.status_code}"
E   AssertionError: Expected 400/422 for invalid day, got 200
E   assert 200 in (400, 422)
E    +  where 200 = &lt;Response [200]&gt;.status_code</failure></testcase><testcase classname="backend.tests.test_calendar_features.TestCalendarEvents" name="test_get_events_returns_list" time="0.161" /><testcase classname="backend.tests.test_calendar_features.TestCalendarEvents" name="test_events_on_preferred_days" time="0.305"><failure message="AssertionError: Events on wrong days (expected Mon/Wed/Fri): ['2026-03-31 (Tuesday)']&#10;assert 1 == 0&#10; +  where 1 = len(['2026-03-31 (Tuesday)'])">backend/tests/test_calendar_features.py:128: in test_events_on_preferred_days
    assert len(bad_events) == 0, f"Events on wrong days (expected Mon/Wed/Fri): {bad_events[:5]}"
E   AssertionError: Events on wrong days (expected Mon/Wed/Fri): ['2026-03-31 (Tuesday)']
E   assert 1 == 0
E    +  where 1 = len(['2026-03-31 (Tuesday)'])</failure></testcase><testcase classname="backend.tests.test_calendar_features.TestReschedule" name="test_reschedule_session" time="0.399" /><testcase classname="backend.tests.test_calendar_features.TestReschedule" name="test_rescheduled_event_appears_on_new_date" time="0.150" /><testcase classname="backend.tests.test_calendar_features.TestReschedule" name="test_original_date_no_longer_has_event" time="0.192" /><testcase classname="backend.tests.test_calendar_features.TestReschedule" name="test_delete_reschedule_restores_original" time="0.254" /><testcase classname="backend.tests.test_calendar_features.TestIntakeWithPreferredDays" name="test_intake_saves_preferred_days" time="0.450"><failure message="AssertionError: Expected 200/201, got 422: {&quot;detail&quot;:[{&quot;type&quot;:&quot;missing&quot;,&quot;loc&quot;:[&quot;body&quot;,&quot;experience&quot;],&quot;msg&quot;:&quot;Field required&quot;,&quot;input&quot;:{&quot;userId&quot;:&quot;fresh_user_c&quot;,&quot;goal&quot;:&quot;hypertrophy&quot;,&quot;trainingStyle&quot;:&quot;hypertrophy&quot;,&quot;experienceLevel&quot;:&quot;beginner&quot;,&quot;frequency&quot;:3,&quot;preferredDays&quot;:[&quot;monday&quot;,&quot;thursday&quot;,&quot;saturday&quot;],&quot;equipment&quot;:[&quot;barbell&quot;,&quot;dumbbell&quot;],&quot;injuries&quot;:[],&quot;gender&quot;:&quot;male&quot;,&quot;units&quot;:&quot;metric&quot;},&quot;url&quot;:&quot;https://errors.pydantic.dev/2.12/v/missing&quot;}]}&#10;assert 422 in (200, 201)&#10; +  where 422 = &lt;Response [422]&gt;.status_code">backend/tests/test_calendar_features.py:273: in test_intake_saves_preferred_days
    assert r.status_code in (200, 201), f"Expected 200/201, got {r.status_code}: {r.text}"
E   AssertionError: Expected 200/201, got 422: {"detail":[{"type":"missing","loc":["body","experience"],"msg":"Field required","input":{"userId":"fresh_user_c","goal":"hypertrophy","trainingStyle":"hypertrophy","experienceLevel":"beginner","frequency":3,"preferredDays":["monday","thursday","saturday"],"equipment":["barbell","dumbbell"],"injuries":[],"gender":"male","units":"metric"},"url":"https://errors.pydantic.dev/2.12/v/missing"}]}
E   assert 422 in (200, 201)
E    +  where 422 = &lt;Response [422]&gt;.status_code</failure></testcase><testcase classname="backend.tests.test_calendar_features.TestIntakeWithPreferredDays" name="test_calendar_events_on_3_preferred_days" time="0.145"><failure message="AssertionError: Events on wrong days (expected Mon/Thu/Sat): ['2026-03-31 (Tuesday)', '2026-04-03 (Friday)', '2026-04-07 (Tuesday)', '2026-04-10 (Friday)', '2026-04-14 (Tuesday)']&#10;assert 15 == 0&#10; +  where 15 = len(['2026-03-31 (Tuesday)', '2026-04-03 (Friday)', '2026-04-07 (Tuesday)', '2026-04-10 (Friday)', '2026-04-14 (Tuesday)', '2026-04-17 (Friday)', ...])">backend/tests/test_calendar_features.py:313: in test_calendar_events_on_3_preferred_days
    assert len(bad) == 0, f"Events on wrong days (expected Mon/Thu/Sat): {bad[:5]}"
E   AssertionError: Events on wrong days (expected Mon/Thu/Sat): ['2026-03-31 (Tuesday)', '2026-04-03 (Friday)', '2026-04-07 (Tuesday)', '2026-04-10 (Friday)', '2026-04-14 (Tuesday)']
E   assert 15 == 0
E    +  where 15 = len(['2026-03-31 (Tuesday)', '2026-04-03 (Friday)', '2026-04-07 (Tuesday)', '2026-04-10 (Friday)', '2026-04-14 (Tuesday)', '2026-04-17 (Friday)', ...])</failure></testcase></testsuite></testsuites>