<?xml version="1.0" encoding="utf-8"?><testsuites name="pytest tests"><testsuite name="pytest" errors="0" failures="0" skipped="0" tests="8" time="34.961" timestamp="2026-04-05T14:50:14.269883+00:00" hostname="agent-env-ccde8a06-fc09-44c1-8db6-efeb0841abef"><testcase classname="backend.tests.test_competition_training_days.TestTrainingDays" name="test_frequency_3_training_days" time="5.772" /><testcase classname="backend.tests.test_competition_training_days.TestTrainingDays" name="test_frequency_5_training_days" time="3.998" /><testcase classname="backend.tests.test_competition_training_days.TestTrainingDays" name="test_frequency_4_training_days" time="2.978" /><testcase classname="backend.tests.test_competition_training_days.TestCompetitionPhase" name="test_no_competition_no_comp_prep_phase" time="4.056" /><testcase classname="backend.tests.test_competition_training_days.TestCompetitionPhase" name="test_has_competition_includes_comp_prep_phase" time="3.851" /><testcase classname="backend.tests.test_competition_training_days.TestCompetitionPhase" name="test_no_competition_default_frequency_no_comp_prep" time="5.592" /><testcase classname="backend.tests.test_competition_training_days.TestCompetitionPhase" name="test_competition_date_only_includes_comp_prep" time="3.373" /><testcase classname="backend.tests.test_competition_training_days.TestGetYearPlanTrainingDays" name="test_get_year_plan_training_days_after_intake" time="5.248" /></testsuite></testsuites>