<?xml version="1.0" encoding="utf-8"?><testsuites name="pytest tests"><testsuite name="pytest" errors="0" failures="0" skipped="0" tests="16" time="19.038" timestamp="2026-04-04T07:26:40.857656+00:00" hostname="agent-env-ccde8a06-fc09-44c1-8db6-efeb0841abef"><testcase classname="backend.tests.test_final_audit_14bugs.TestBug2AuthOnboarding" name="test_register_fresh_user_c" time="0.168" /><testcase classname="backend.tests.test_final_audit_14bugs.TestBug2AuthOnboarding" name="test_login_fresh_user_c" time="0.441" /><testcase classname="backend.tests.test_final_audit_14bugs.TestBug2AuthOnboarding" name="test_intake_profile_userId_not_default" time="4.934" /><testcase classname="backend.tests.test_final_audit_14bugs.TestBug5_6_14ExerciseFiltering" name="test_powerlifting_knee_injury_no_box_squat" time="6.409" /><testcase classname="backend.tests.test_final_audit_14bugs.TestBug5_6_14ExerciseFiltering" name="test_hypertrophy_shoulder_injury_no_floor_press_me_upper" time="5.456" /><testcase classname="backend.tests.test_final_audit_14bugs.TestBug8SettingsSave" name="test_injury_preview_200" time="0.126" /><testcase classname="backend.tests.test_final_audit_14bugs.TestBug8SettingsSave" name="test_apply_injury_update_200" time="0.117" /><testcase classname="backend.tests.test_final_audit_14bugs.TestRegressionEndpoints" name="test_weekly_review_200" time="0.101" /><testcase classname="backend.tests.test_final_audit_14bugs.TestRegressionEndpoints" name="test_deload_check_200" time="0.101" /><testcase classname="backend.tests.test_final_audit_14bugs.TestRegressionEndpoints" name="test_rehab_status_200" time="0.114" /><testcase classname="backend.tests.test_final_audit_14bugs.TestRegressionEndpoints" name="test_competition_status_200" time="0.105" /><testcase classname="backend.tests.test_final_audit_14bugs.TestRegressionEndpoints" name="test_rotation_check_200" time="0.105" /><testcase classname="backend.tests.test_final_audit_14bugs.TestRegressionEndpoints" name="test_warmup_today_200" time="0.099" /><testcase classname="backend.tests.test_final_audit_14bugs.TestRegressionEndpoints" name="test_coach_change_log_has_entries" time="0.095" /><testcase classname="backend.tests.test_final_audit_14bugs.TestRegressionEndpoints" name="test_plan_session_today_200_or_404" time="0.098" /><testcase classname="backend.tests.test_final_audit_14bugs.TestUserDataIsolation" name="test_user_a_profile_different_from_user_c" time="0.501" /></testsuite></testsuites>