<?xml version="1.0" encoding="utf-8"?><testsuites name="pytest tests"><testsuite name="pytest" errors="0" failures="0" skipped="0" tests="5" time="17.627" timestamp="2026-04-04T21:06:46.007414+00:00" hostname="agent-env-ccde8a06-fc09-44c1-8db6-efeb0841abef"><testcase classname="backend.tests.test_goal_mapping.TestProfileReset" name="test_profile_reset_returns_success" time="0.522" /><testcase classname="backend.tests.test_goal_mapping.TestGoalMapping" name="test_strongman_goal_returns_strongman_plan" time="7.355" /><testcase classname="backend.tests.test_goal_mapping.TestGoalMapping" name="test_hypertrophy_goal_after_reset" time="6.148" /><testcase classname="backend.tests.test_goal_mapping.TestGoalMapping" name="test_general_fitness_goal_returns_general_strength" time="3.410" /><testcase classname="backend.tests.test_goal_mapping.TestChangeLog" name="test_change_log_returns_without_error" time="0.137" /></testsuite></testsuites>