<?xml version="1.0" encoding="utf-8"?><testsuites name="pytest tests"><testsuite name="pytest" errors="0" failures="0" skipped="0" tests="21" time="2.451" timestamp="2026-04-03T20:06:08.120440+00:00" hostname="agent-env-ccde8a06-fc09-44c1-8db6-efeb0841abef"><testcase classname="backend.tests.test_injury_profile.TestInjuryPreview" name="test_preview_with_new_injury_flags_returns_restricted" time="0.239" /><testcase classname="backend.tests.test_injury_profile.TestInjuryPreview" name="test_preview_with_shoulder_injury_restricts_shoulder_exercises" time="0.107" /><testcase classname="backend.tests.test_injury_profile.TestInjuryPreview" name="test_preview_with_empty_flags_no_current_injuries_returns_no_changes" time="0.121" /><testcase classname="backend.tests.test_injury_profile.TestInjuryPreview" name="test_preview_restores_exercises_when_injury_removed" time="0.119" /><testcase classname="backend.tests.test_injury_profile.TestInjuryPreview" name="test_preview_response_structure" time="0.054" /><testcase classname="backend.tests.test_injury_profile.TestApplyInjuryUpdate" name="test_apply_saves_new_injury_flags" time="0.115" /><testcase classname="backend.tests.test_injury_profile.TestApplyInjuryUpdate" name="test_apply_returns_added_removed_arrays" time="0.110" /><testcase classname="backend.tests.test_injury_profile.TestApplyInjuryUpdate" name="test_apply_logs_to_substitutions" time="0.707" /><testcase classname="backend.tests.test_injury_profile.TestApplyInjuryUpdate" name="test_apply_with_no_profile_returns_404" time="0.054" /><testcase classname="backend.tests.test_injury_profile.TestProfileExtendedFields" name="test_put_profile_accepts_goal" time="0.056" /><testcase classname="backend.tests.test_injury_profile.TestProfileExtendedFields" name="test_put_profile_accepts_primaryWeaknesses" time="0.059" /><testcase classname="backend.tests.test_injury_profile.TestProfileExtendedFields" name="test_put_profile_accepts_specialtyEquipment" time="0.093" /><testcase classname="backend.tests.test_injury_profile.TestProfileExtendedFields" name="test_put_profile_accepts_sleepHours" time="0.057" /><testcase classname="backend.tests.test_injury_profile.TestProfileExtendedFields" name="test_put_profile_accepts_stressLevel" time="0.070" /><testcase classname="backend.tests.test_injury_profile.TestProfileExtendedFields" name="test_put_profile_accepts_occupationType" time="0.053" /><testcase classname="backend.tests.test_injury_profile.TestProfileExtendedFields" name="test_put_profile_accepts_competition_fields" time="0.052" /><testcase classname="backend.tests.test_injury_profile.TestProfileExtendedFields" name="test_put_profile_accepts_gymTypes" time="0.066" /><testcase classname="backend.tests.test_injury_profile.TestProfileExtendedFields" name="test_put_profile_accepts_trainingDaysCount" time="0.058" /><testcase classname="backend.tests.test_injury_profile.TestProfileExtendedFields" name="test_put_profile_all_new_fields_at_once" time="0.051" /><testcase classname="backend.tests.test_injury_profile.TestGetProfileNewFields" name="test_get_profile_returns_all_new_fields" time="0.049" /><testcase classname="backend.tests.test_injury_profile.TestGetProfileNewFields" name="test_get_profile_optional_fields_present" time="0.061" /></testsuite></testsuites>