<?xml version="1.0" encoding="utf-8"?><testsuites name="pytest tests"><testsuite name="pytest" errors="0" failures="0" skipped="0" tests="13" time="18.914" timestamp="2026-04-30T19:08:40.957483+00:00" hostname="agent-env-ccde8a06-fc09-44c1-8db6-efeb0841abef"><testcase classname="backend.tests.test_coach_triggers.TestActiveTrigger" name="test_endpoint_returns_200" time="0.629" /><testcase classname="backend.tests.test_coach_triggers.TestActiveTrigger" name="test_response_is_json" time="0.072" /><testcase classname="backend.tests.test_coach_triggers.TestActiveTrigger" name="test_no_trigger_returns_null_triggerName" time="0.064" /><testcase classname="backend.tests.test_coach_triggers.TestActiveTrigger" name="test_active_trigger_has_required_fields" time="0.063" /><testcase classname="backend.tests.test_coach_triggers.TestActiveTrigger" name="test_triggerName_valid_value" time="0.063" /><testcase classname="backend.tests.test_coach_triggers.TestActiveTrigger" name="test_endpoint_is_stateless_consistent" time="0.133" /><testcase classname="backend.tests.test_coach_triggers.TestPainTrigger" name="test_pain_trigger_fires_with_recent_pain_report" time="0.124" /><testcase classname="backend.tests.test_coach_triggers.TestFreeModeTrigger" name="test_free_mode_skips_plan_only_triggers" time="0.160" /><testcase classname="backend.tests.test_coach_triggers.TestCoachChatSource" name="test_coach_chat_user_typed_source" time="2.918" /><testcase classname="backend.tests.test_coach_triggers.TestCoachChatSource" name="test_coach_chat_system_seed_source" time="5.325" /><testcase classname="backend.tests.test_coach_triggers.TestCoachChatSource" name="test_coach_chat_without_source_defaults" time="3.052" /><testcase classname="backend.tests.test_coach_triggers.TestCoachChatSource" name="test_coach_chat_source_stored_in_message" time="6.166" /><testcase classname="backend.tests.test_coach_triggers.TestPrStreakNoCrash" name="test_pr_streak_no_crash_no_prs" time="0.067" /></testsuite></testsuites>