<?xml version="1.0" encoding="utf-8"?><testsuites name="pytest tests"><testsuite name="pytest" errors="0" failures="0" skipped="0" tests="4" time="2.438" timestamp="2026-07-17T18:32:53.093400+00:00" hostname="agent-env-ccde8a06-fc09-44c1-8db6-efeb0841abef"><testcase classname="tests.test_progression_e2e" name="test_speed_bench_week3_heavier_than_week1" time="2.294" /><testcase classname="tests.test_progression_e2e" name="test_deload_week_reduces_volume_and_intensity" time="0.000" /><testcase classname="tests.test_progression_e2e" name="test_plan_session_today_still_works" time="0.004" /><testcase classname="tests.test_progression_e2e" name="test_existing_user_plans_unaffected" time="0.085" /></testsuite></testsuites>