<?xml version="1.0" encoding="utf-8"?><testsuites name="pytest tests"><testsuite name="pytest" errors="0" failures="0" skipped="0" tests="9" time="19.976" timestamp="2026-07-20T16:44:32.584414+00:00" hostname="agent-env-ccde8a06-fc09-44c1-8db6-efeb0841abef"><testcase classname="test_iter84_coach_memory.TestUnauth" name="test_get_memory_requires_auth" time="0.311" /><testcase classname="test_iter84_coach_memory.TestUnauth" name="test_get_analytics_requires_auth" time="0.119" /><testcase classname="test_iter84_coach_memory.TestUnauth" name="test_post_correction_requires_auth" time="0.114" /><testcase classname="test_iter84_coach_memory.TestUnauth" name="test_delete_memory_requires_auth" time="0.144" /><testcase classname="test_iter84_coach_memory.TestCorrectionFlow" name="test_empty_correction_400" time="0.481" /><testcase classname="test_iter84_coach_memory.TestCorrectionFlow" name="test_correction_folds_and_persists" time="3.663" /><testcase classname="test_iter84_coach_memory.TestCorrectionFlow" name="test_correction_reflected_in_coach_chat" time="8.468" /><testcase classname="test_iter84_coach_memory.TestClearMemory" name="test_delete_and_then_null_summary" time="4.089" /><testcase classname="test_iter84_coach_memory.TestClearMemory" name="test_chat_still_works_after_clear" time="2.530" /></testsuite></testsuites>