<?xml version="1.0" encoding="utf-8"?><testsuites name="pytest tests"><testsuite name="pytest" errors="0" failures="0" skipped="0" tests="4" time="2.420" timestamp="2026-07-15T21:43:14.023920+00:00" hostname="agent-env-ccde8a06-fc09-44c1-8db6-efeb0841abef"><testcase classname="backend.tests.test_iter77_custom_exercise.TestCreateAndListFullShape" name="test_create_full_shape" time="0.621" /><testcase classname="backend.tests.test_iter77_custom_exercise.TestCreateAndListFullShape" name="test_list_returns_created" time="0.147" /><testcase classname="backend.tests.test_iter77_custom_exercise.TestCreateMinimal" name="test_create_name_only" time="0.232" /><testcase classname="backend.tests.test_iter77_custom_exercise.TestUserScoping" name="test_user_b_does_not_see_user_a_exercise" time="1.360" /></testsuite></testsuites>