<?xml version="1.0" encoding="utf-8"?><testsuites name="pytest tests"><testsuite name="pytest" errors="0" failures="0" skipped="0" tests="6" time="0.200" timestamp="2026-07-17T18:31:18.380178+00:00" hostname="agent-env-ccde8a06-fc09-44c1-8db6-efeb0841abef"><testcase classname="tests.test_progression" name="test_de_work_escalates_within_block" time="0.020" /><testcase classname="tests.test_progression" name="test_me_variation_rotates_within_block" time="0.000" /><testcase classname="tests.test_progression" name="test_deload_reduces_volume_and_intensity" time="0.000" /><testcase classname="tests.test_progression" name="test_peaking_heavier_than_intro_same_movement" time="0.000" /><testcase classname="tests.test_progression" name="test_generation_is_deterministic" time="0.050" /><testcase classname="tests.test_progression" name="test_injury_exclusions_hold_after_rotation" time="0.020" /></testsuite></testsuites>