<?xml version="1.0" encoding="utf-8"?><testsuites name="pytest tests"><testsuite name="pytest" errors="0" failures="5" skipped="0" tests="7" time="2.039" timestamp="2026-04-17T22:04:57.785310+00:00" hostname="agent-env-ccde8a06-fc09-44c1-8db6-efeb0841abef"><testcase classname="backend.tests.test_data_loss_fix.TestSessionTodayStability" name="test_get_today_session" time="0.687"><failure message="assert 404 == 200&#10; +  where 404 = &lt;Response [404]&gt;.status_code">backend/tests/test_data_loss_fix.py:32: in test_get_today_session
    assert resp.status_code == 200
E   assert 404 == 200
E    +  where 404 = &lt;Response [404]&gt;.status_code</failure></testcase><testcase classname="backend.tests.test_data_loss_fix.TestSessionTodayStability" name="test_today_session_stable_across_calls" time="0.308"><failure message="assert 404 == 200&#10; +  where 404 = &lt;Response [404]&gt;.status_code">backend/tests/test_data_loss_fix.py:41: in test_today_session_stable_across_calls
    assert r1.status_code == 200
E   assert 404 == 200
E    +  where 404 = &lt;Response [404]&gt;.status_code</failure></testcase><testcase classname="backend.tests.test_data_loss_fix.TestSessionTodayStability" name="test_finish_session_then_today_still_returns_same_session" time="0.129"><failure message="assert 404 == 200&#10; +  where 404 = &lt;Response [404]&gt;.status_code">backend/tests/test_data_loss_fix.py:58: in test_finish_session_then_today_still_returns_same_session
    assert r_before.status_code == 200
E   assert 404 == 200
E    +  where 404 = &lt;Response [404]&gt;.status_code</failure></testcase><testcase classname="backend.tests.test_data_loss_fix.TestLogEntries" name="test_log_list_accessible" time="0.174"><failure message="assert 405 == 200&#10; +  where 405 = &lt;Response [405]&gt;.status_code">backend/tests/test_data_loss_fix.py:87: in test_log_list_accessible
    assert resp.status_code == 200
E   assert 405 == 200
E    +  where 405 = &lt;Response [405]&gt;.status_code</failure></testcase><testcase classname="backend.tests.test_data_loss_fix.TestLogEntries" name="test_log_create_and_retrieve" time="0.159"><failure message="AssertionError: Log creation failed: {&quot;detail&quot;:[{&quot;type&quot;:&quot;missing&quot;,&quot;loc&quot;:[&quot;body&quot;,&quot;week&quot;],&quot;msg&quot;:&quot;Field required&quot;,&quot;input&quot;:{&quot;exercise&quot;:&quot;TEST_Bench Press&quot;,&quot;weight&quot;:315.0,&quot;reps&quot;:5,&quot;setIndex&quot;:0,&quot;date&quot;:&quot;2026-04-17&quot;,&quot;sessionType&quot;:&quot;Heavy Upper&quot;},&quot;url&quot;:&quot;https://errors.pydantic.dev/2.12/v/missing&quot;},{&quot;type&quot;:&quot;missing&quot;,&quot;loc&quot;:[&quot;body&quot;,&quot;day&quot;],&quot;msg&quot;:&quot;Field required&quot;,&quot;input&quot;:{&quot;exercise&quot;:&quot;TEST_Bench Press&quot;,&quot;weight&quot;:315.0,&quot;reps&quot;:5,&quot;setIndex&quot;:0,&quot;date&quot;:&quot;2026-04-17&quot;,&quot;sessionType&quot;:&quot;Heavy Upper&quot;},&quot;url&quot;:&quot;https://errors.pydantic.dev/2.12/v/missing&quot;},{&quot;type&quot;:&quot;missing&quot;,&quot;loc&quot;:[&quot;body&quot;,&quot;sets&quot;],&quot;msg&quot;:&quot;Field required&quot;,&quot;input&quot;:{&quot;exercise&quot;:&quot;TEST_Bench Press&quot;,&quot;weight&quot;:315.0,&quot;reps&quot;:5,&quot;setIndex&quot;:0,&quot;date&quot;:&quot;2026-04-17&quot;,&quot;sessionType&quot;:&quot;Heavy Upper&quot;},&quot;url&quot;:&quot;https://errors.pydantic.dev/2.12/v/missing&quot;},{&quot;type&quot;:&quot;missing&quot;,&quot;loc&quot;:[&quot;body&quot;,&quot;rpe&quot;],&quot;msg&quot;:&quot;Field required&quot;,&quot;input&quot;:{&quot;exercise&quot;:&quot;TEST_Bench Press&quot;,&quot;weight&quot;:315.0,&quot;reps&quot;:5,&quot;setIndex&quot;:0,&quot;date&quot;:&quot;2026-04-17&quot;,&quot;sessionType&quot;:&quot;Heavy Upper&quot;},&quot;url&quot;:&quot;https://errors.pydantic.dev/2.12/v/missing&quot;},{&quot;type&quot;:&quot;missing&quot;,&quot;loc&quot;:[&quot;body&quot;,&quot;pain&quot;],&quot;msg&quot;:&quot;Field required&quot;,&quot;input&quot;:{&quot;exercise&quot;:&quot;TEST_Bench Press&quot;,&quot;weight&quot;:315.0,&quot;reps&quot;:5,&quot;setIndex&quot;:0,&quot;date&quot;:&quot;2026-04-17&quot;,&quot;sessionType&quot;:&quot;Heavy Upper&quot;},&quot;url&quot;:&quot;https://errors.pydantic.dev/2.12/v/missing&quot;},{&quot;type&quot;:&quot;missing&quot;,&quot;loc&quot;:[&quot;body&quot;,&quot;completed&quot;],&quot;msg&quot;:&quot;Field required&quot;,&quot;input&quot;:{&quot;exercise&quot;:&quot;TEST_Bench Press&quot;,&quot;weight&quot;:315.0,&quot;reps&quot;:5,&quot;setIndex&quot;:0,&quot;date&quot;:&quot;2026-04-17&quot;,&quot;sessionType&quot;:&quot;Heavy Upper&quot;},&quot;url&quot;:&quot;https://errors.pydantic.dev/2.12/v/missing&quot;}]}&#10;assert 422 in (200, 201)&#10; +  where 422 = &lt;Response [422]&gt;.status_code">backend/tests/test_data_loss_fix.py:106: in test_log_create_and_retrieve
    assert resp.status_code in (200, 201), f"Log creation failed: {resp.text}"
E   AssertionError: Log creation failed: {"detail":[{"type":"missing","loc":["body","week"],"msg":"Field required","input":{"exercise":"TEST_Bench Press","weight":315.0,"reps":5,"setIndex":0,"date":"2026-04-17","sessionType":"Heavy Upper"},"url":"https://errors.pydantic.dev/2.12/v/missing"},{"type":"missing","loc":["body","day"],"msg":"Field required","input":{"exercise":"TEST_Bench Press","weight":315.0,"reps":5,"setIndex":0,"date":"2026-04-17","sessionType":"Heavy Upper"},"url":"https://errors.pydantic.dev/2.12/v/missing"},{"type":"missing","loc":["body","sets"],"msg":"Field required","input":{"exercise":"TEST_Bench Press","weight":315.0,"reps":5,"setIndex":0,"date":"2026-04-17","sessionType":"Heavy Upper"},"url":"https://errors.pydantic.dev/2.12/v/missing"},{"type":"missing","loc":["body","rpe"],"msg":"Field required","input":{"exercise":"TEST_Bench Press","weight":315.0,"reps":5,"setIndex":0,"date":"2026-04-17","sessionType":"Heavy Upper"},"url":"https://errors.pydantic.dev/2.12/v/missing"},{"type":"missing","loc":["body","pain"],"msg":"Field required","input":{"exercise":"TEST_Bench Press","weight":315.0,"reps":5,"setIndex":0,"date":"2026-04-17","sessionType":"Heavy Upper"},"url":"https://errors.pydantic.dev/2.12/v/missing"},{"type":"missing","loc":["body","completed"],"msg":"Field required","input":{"exercise":"TEST_Bench Press","weight":315.0,"reps":5,"setIndex":0,"date":"2026-04-17","sessionType":"Heavy Upper"},"url":"https://errors.pydantic.dev/2.12/v/missing"}]}
E   assert 422 in (200, 201)
E    +  where 422 = &lt;Response [422]&gt;.status_code</failure></testcase><testcase classname="backend.tests.test_data_loss_fix.TestCalendarCompletion" name="test_calendar_events_accessible" time="0.217" /><testcase classname="backend.tests.test_data_loss_fix.TestCalendarCompletion" name="test_calendar_shows_completion_from_logs" time="0.262" /></testsuite></testsuites>