<?xml version="1.0" encoding="utf-8"?><testsuites name="pytest tests"><testsuite name="pytest" errors="0" failures="0" skipped="0" tests="10" time="22.377" timestamp="2026-07-20T19:26:26.878064+00:00" hostname="agent-env-ccde8a06-fc09-44c1-8db6-efeb0841abef"><testcase classname="test_iter86_coach_pain_history.TestTrimHistory" name="test_small_list_untrimmed" time="0.000" /><testcase classname="test_iter86_coach_pain_history.TestTrimHistory" name="test_empty_list" time="0.000" /><testcase classname="test_iter86_coach_pain_history.TestTrimHistory" name="test_large_history_drops_oldest_keeps_floor" time="0.000" /><testcase classname="test_iter86_coach_pain_history.TestTrimHistory" name="test_floor_respected_even_over_budget" time="0.000" /><testcase classname="test_iter86_coach_pain_history.TestHistoryTruncatedFlag" name="test_truncated_line_only_when_dropped" time="0.000" /><testcase classname="test_iter86_coach_pain_history.TestPainReportHappy" name="test_shoulder_6_during_ohp" time="6.549" /><testcase classname="test_iter86_coach_pain_history.TestPainReportHappy" name="test_injury_context_rendered_after" time="0.074" /><testcase classname="test_iter86_coach_pain_history.TestPainReportTimingOmission" name="test_no_timing_stored_as_empty_string" time="6.690" /><testcase classname="test_iter86_coach_pain_history.TestPainReportNoMatch" name="test_hip_pain_no_match_no_new_injury" time="3.473" /><testcase classname="test_iter86_coach_pain_history.TestPainReportResponseSchema" name="test_pain_report_key_present_on_neutral_msg" time="3.277" /></testsuite></testsuites>