<?xml version="1.0" encoding="utf-8"?><testsuites name="pytest tests"><testsuite name="pytest" errors="0" failures="0" skipped="0" tests="13" time="24.778" timestamp="2026-04-04T03:52:28.292336+00:00" hostname="agent-env-ccde8a06-fc09-44c1-8db6-efeb0841abef"><testcase classname="backend.tests.test_coaching_upgrades.TestPainReport" name="test_create_pain_report" time="0.631" /><testcase classname="backend.tests.test_coaching_upgrades.TestPainReport" name="test_create_pain_report_2" time="0.115" /><testcase classname="backend.tests.test_coaching_upgrades.TestPainReport" name="test_create_pain_report_3_triggers_flag" time="0.111" /><testcase classname="backend.tests.test_coaching_upgrades.TestPainReport" name="test_get_pain_reports" time="0.149" /><testcase classname="backend.tests.test_coaching_upgrades.TestReadiness" name="test_post_readiness_low" time="0.154" /><testcase classname="backend.tests.test_coaching_upgrades.TestReadiness" name="test_get_today_readiness_has_checked_in" time="0.157" /><testcase classname="backend.tests.test_coaching_upgrades.TestReadiness" name="test_readiness_score_normal" time="0.100" /><testcase classname="backend.tests.test_coaching_upgrades.TestSessionRating" name="test_post_session_rating" time="3.943" /><testcase classname="backend.tests.test_coaching_upgrades.TestSessionRating" name="test_get_latest_session_rating" time="0.206" /><testcase classname="backend.tests.test_coaching_upgrades.TestSessionRating" name="test_session_rating_completion_calculation" time="4.413" /><testcase classname="backend.tests.test_coaching_upgrades.TestCoachChatScoping" name="test_coach_conversations_filtered_by_user" time="0.103" /><testcase classname="backend.tests.test_coaching_upgrades.TestCoachChatScoping" name="test_coach_chat_creates_conversation_for_user" time="13.717" /><testcase classname="backend.tests.test_coaching_upgrades.TestCoachChatScoping" name="test_user_b_cannot_see_user_a_conversations" time="0.901" /></testsuite></testsuites>