<?xml version="1.0" encoding="utf-8"?><testsuites name="pytest tests"><testsuite name="pytest" errors="0" failures="0" skipped="0" tests="7" time="31.108" timestamp="2026-07-15T19:28:29.729851+00:00" hostname="agent-env-ccde8a06-fc09-44c1-8db6-efeb0841abef"><testcase classname="backend.tests.test_coach_add_exercise.TestAddExerciseHappyPath" name="test_add_face_pulls_3x12" time="3.129" /><testcase classname="backend.tests.test_coach_add_exercise.TestCategoryCoercion" name="test_prehab_style_add_yields_valid_category" time="3.391" /><testcase classname="backend.tests.test_coach_add_exercise.TestMalformedAdd" name="test_no_name_add_returns_null_added_exercise" time="2.974" /><testcase classname="backend.tests.test_coach_add_exercise.TestNoFalseTrigger" name="test_warmup_question_does_not_add" time="6.279" /><testcase classname="backend.tests.test_coach_add_exercise.TestCurrentSessionContext" name="test_coach_sees_live_snapshot" time="2.840" /><testcase classname="backend.tests.test_coach_add_exercise.TestRegression" name="test_response_shape_on_plain_message" time="6.263" /><testcase classname="backend.tests.test_coach_add_exercise.TestRegression" name="test_program_change_swap_still_fires" time="6.183" /></testsuite></testsuites>