<?xml version="1.0" encoding="utf-8"?><testsuites name="pytest tests"><testsuite name="pytest" errors="0" failures="0" skipped="0" tests="10" time="23.515" timestamp="2026-04-15T19:09:19.206746+00:00" hostname="agent-env-ccde8a06-fc09-44c1-8db6-efeb0841abef"><testcase classname="backend.tests.test_bug_fixes_iter43.TestWeekStats" name="test_week_stats_with_date_range" time="0.651" /><testcase classname="backend.tests.test_bug_fixes_iter43.TestWeekStats" name="test_week_stats_legacy_week_number" time="0.181" /><testcase classname="backend.tests.test_bug_fixes_iter43.TestTodaySession" name="test_today_session_has_current_week" time="0.221" /><testcase classname="backend.tests.test_bug_fixes_iter43.TestWeeklyReview" name="test_weekly_review_first_call" time="0.158" /><testcase classname="backend.tests.test_bug_fixes_iter43.TestWeeklyReview" name="test_weekly_review_second_call_cached" time="0.150" /><testcase classname="backend.tests.test_bug_fixes_iter43.TestWeeklyReview" name="test_weekly_review_db_has_week_start" time="0.174" /><testcase classname="backend.tests.test_bug_fixes_iter43.TestLogCacheInvalidation" name="test_post_log_doesnt_crash" time="0.704" /><testcase classname="backend.tests.test_bug_fixes_iter43.TestLogCacheInvalidation" name="test_weekly_review_regenerated_after_log" time="8.502" /><testcase classname="backend.tests.test_bug_fixes_iter43.TestCoachChat" name="test_coach_chat_user_a" time="12.515" /><testcase classname="backend.tests.test_bug_fixes_iter43.TestApplyRecommendation" name="test_apply_recommendation_uses_user_scoped_profile" time="0.183" /></testsuite></testsuites>