<?xml version="1.0" encoding="utf-8"?><testsuites name="pytest tests"><testsuite name="pytest" errors="0" failures="0" skipped="0" tests="14" time="3.134" timestamp="2026-04-30T18:13:33.314394+00:00" hostname="agent-env-ccde8a06-fc09-44c1-8db6-efeb0841abef"><testcase classname="backend.tests.test_user_exercises.TestGetUserExercises" name="test_get_returns_list" time="0.731" /><testcase classname="backend.tests.test_user_exercises.TestGetUserExercises" name="test_get_requires_auth" time="0.190" /><testcase classname="backend.tests.test_user_exercises.TestCreateUserExercise" name="test_create_exercise" time="0.163" /><testcase classname="backend.tests.test_user_exercises.TestCreateUserExercise" name="test_create_returns_correct_fields" time="0.281" /><testcase classname="backend.tests.test_user_exercises.TestCreateUserExercise" name="test_create_missing_name_returns_422" time="0.236" /><testcase classname="backend.tests.test_user_exercises.TestCreateUserExercise" name="test_created_exercise_in_list" time="0.158" /><testcase classname="backend.tests.test_user_exercises.TestUpdateUserExercise" name="test_update_exercise_name" time="0.122" /><testcase classname="backend.tests.test_user_exercises.TestUpdateUserExercise" name="test_update_verified_via_get" time="0.109" /><testcase classname="backend.tests.test_user_exercises.TestUpdateUserExercise" name="test_update_nonexistent_returns_404" time="0.161" /><testcase classname="backend.tests.test_user_exercises.TestDeleteUserExercise" name="test_soft_delete_exercise" time="0.114" /><testcase classname="backend.tests.test_user_exercises.TestDeleteUserExercise" name="test_deleted_exercise_not_in_list" time="0.111" /><testcase classname="backend.tests.test_user_exercises.TestDeleteUserExercise" name="test_delete_nonexistent_returns_404" time="0.124" /><testcase classname="backend.tests.test_user_exercises.TestCalendarNoExerciseLimit" name="test_calendar_events_accessible" time="0.274" /><testcase classname="backend.tests.test_user_exercises.TestCalendarNoExerciseLimit" name="test_sessions_can_have_more_than_5_exercises" time="0.291" /></testsuite></testsuites>