<?xml version="1.0" encoding="utf-8"?><testsuites name="pytest tests"><testsuite name="pytest" errors="0" failures="0" skipped="0" tests="22" time="0.024" timestamp="2026-07-17T23:56:23.947166+00:00" hostname="agent-env-ccde8a06-fc09-44c1-8db6-efeb0841abef"><testcase classname="tests.test_training_analytics" name="test_pattern_classifier" time="0.000" /><testcase classname="tests.test_training_analytics" name="test_main_lift_matcher_excludes_variations" time="0.000" /><testcase classname="tests.test_training_analytics" name="test_rpe_creep_flags_rising_rpe_at_flat_load" time="0.000" /><testcase classname="tests.test_training_analytics" name="test_rpe_creep_not_flagged_when_load_rises_too" time="0.000" /><testcase classname="tests.test_training_analytics" name="test_rpe_creep_needs_min_exposures" time="0.000" /><testcase classname="tests.test_training_analytics" name="test_fatigue_high_on_volume_spike_and_rpe_jump" time="0.000" /><testcase classname="tests.test_training_analytics" name="test_fatigue_normal_on_steady_training" time="0.000" /><testcase classname="tests.test_training_analytics" name="test_fatigue_unknown_without_volume" time="0.000" /><testcase classname="tests.test_training_analytics" name="test_effective_1rm_divergence" time="0.000" /><testcase classname="tests.test_training_analytics" name="test_effective_1rm_never_overwrites_entered" time="0.000" /><testcase classname="tests.test_training_analytics" name="test_effective_1rm_within_tolerance_not_flagged" time="0.000" /><testcase classname="tests.test_training_analytics" name="test_effective_1rm_kg_entered_converted" time="0.000" /><testcase classname="tests.test_training_analytics" name="test_effective_1rm_submax_set_cannot_prove_a_drop" time="0.000" /><testcase classname="tests.test_training_analytics" name="test_pain_rising_trend_and_correlation" time="0.001" /><testcase classname="tests.test_training_analytics" name="test_pain_falling_trend" time="0.000" /><testcase classname="tests.test_training_analytics" name="test_pain_from_log_pain_field_counts" time="0.000" /><testcase classname="tests.test_training_analytics" name="test_compliance" time="0.000" /><testcase classname="tests.test_training_analytics" name="test_weekly_volume_buckets_and_patterns" time="0.000" /><testcase classname="tests.test_training_analytics" name="test_intensity_distribution" time="0.000" /><testcase classname="tests.test_training_analytics" name="test_trends_context_only_non_neutral" time="0.000" /><testcase classname="tests.test_training_analytics" name="test_trends_context_includes_signals_and_low_confidence" time="0.000" /><testcase classname="tests.test_training_analytics" name="test_trends_context_empty_analytics_safe" time="0.000" /></testsuite></testsuites>