<?xml version="1.0" encoding="utf-8"?><testsuites name="pytest tests"><testsuite name="pytest" errors="0" failures="0" skipped="0" tests="12" time="2.825" timestamp="2026-04-04T02:45:16.547185+00:00" hostname="agent-env-ccde8a06-fc09-44c1-8db6-efeb0841abef"><testcase classname="backend.tests.test_isolation_retest.TestFreshUserIsolation" name="test_fresh_user_register_or_login" time="0.482" /><testcase classname="backend.tests.test_isolation_retest.TestFreshUserIsolation" name="test_fresh_user_profile_returns_404" time="0.116" /><testcase classname="backend.tests.test_isolation_retest.TestFreshUserIsolation" name="test_fresh_user_injury_preview_si_joint" time="0.114" /><testcase classname="backend.tests.test_isolation_retest.TestProfileIsolation" name="test_user_a_login" time="0.319" /><testcase classname="backend.tests.test_isolation_retest.TestProfileIsolation" name="test_user_b_login" time="0.336" /><testcase classname="backend.tests.test_isolation_retest.TestProfileIsolation" name="test_user_a_profile_scope" time="0.105" /><testcase classname="backend.tests.test_isolation_retest.TestProfileIsolation" name="test_user_b_profile_scope" time="0.114" /><testcase classname="backend.tests.test_isolation_retest.TestProfileIsolation" name="test_user_a_b_different_profiles" time="0.214" /><testcase classname="backend.tests.test_isolation_retest.TestProfileIsolation" name="test_profile_upsert_user_a" time="0.107" /><testcase classname="backend.tests.test_isolation_retest.TestProfileIsolation" name="test_user_b_does_not_see_user_a_profile" time="0.223" /><testcase classname="backend.tests.test_isolation_retest.TestProfileIsolation" name="test_apply_injury_update_user_a" time="0.240" /><testcase classname="backend.tests.test_isolation_retest.TestAuthEdgeCases" name="test_wrong_password_returns_401" time="0.393" /></testsuite></testsuites>