<?xml version="1.0" encoding="utf-8"?><testsuites name="pytest tests"><testsuite name="pytest" errors="0" failures="0" skipped="0" tests="19" time="3.831" timestamp="2026-04-15T22:40:21.148192+00:00" hostname="agent-env-ccde8a06-fc09-44c1-8db6-efeb0841abef"><testcase classname="backend.tests.test_sync_fixes_iter46.TestBadges" name="test_badges_returns_200" time="0.476" /><testcase classname="backend.tests.test_sync_fixes_iter46.TestBadges" name="test_badges_have_earned_locked_structure" time="0.118" /><testcase classname="backend.tests.test_sync_fixes_iter46.TestBadges" name="test_pr_badge_exists" time="0.115" /><testcase classname="backend.tests.test_sync_fixes_iter46.TestPRs" name="test_prs_returns_200" time="0.140" /><testcase classname="backend.tests.test_sync_fixes_iter46.TestPRs" name="test_prs_returns_list" time="0.125" /><testcase classname="backend.tests.test_sync_fixes_iter46.TestPRs" name="test_prs_include_exercise_name" time="0.126" /><testcase classname="backend.tests.test_sync_fixes_iter46.TestBestsOverview" name="test_bests_overview_returns_200" time="0.160" /><testcase classname="backend.tests.test_sync_fixes_iter46.TestBestsOverview" name="test_bests_overview_has_categories" time="0.136" /><testcase classname="backend.tests.test_sync_fixes_iter46.TestLifts" name="test_lifts_returns_200" time="0.106" /><testcase classname="backend.tests.test_sync_fixes_iter46.TestLifts" name="test_lifts_returns_list" time="0.108" /><testcase classname="backend.tests.test_sync_fixes_iter46.TestLifts" name="test_lifts_no_cross_user_data" time="1.025" /><testcase classname="backend.tests.test_sync_fixes_iter46.TestLeaderboard" name="test_leaderboard_prs_returns_200" time="0.174" /><testcase classname="backend.tests.test_sync_fixes_iter46.TestLeaderboard" name="test_leaderboard_prs_has_entries" time="0.164" /><testcase classname="backend.tests.test_sync_fixes_iter46.TestAnalyticsOverview" name="test_analytics_overview_returns_200" time="0.146" /><testcase classname="backend.tests.test_sync_fixes_iter46.TestAnalyticsOverview" name="test_analytics_prs_this_block_field_exists" time="0.100" /><testcase classname="backend.tests.test_sync_fixes_iter46.TestAnalyticsOverview" name="test_analytics_prs_this_block_non_negative" time="0.168" /><testcase classname="backend.tests.test_sync_fixes_iter46.TestWeeklyReview" name="test_weekly_review_returns_200" time="0.110" /><testcase classname="backend.tests.test_sync_fixes_iter46.TestWeeklyReview" name="test_weekly_review_prs_hit_field" time="0.134" /><testcase classname="backend.tests.test_sync_fixes_iter46.TestWeeklyReview" name="test_weekly_review_prs_hit_non_negative" time="0.133" /></testsuite></testsuites>