<?xml version="1.0" encoding="utf-8"?><testsuites name="pytest tests"><testsuite name="pytest" errors="0" failures="0" skipped="0" tests="9" time="1.306" timestamp="2026-07-17T19:33:50.803011+00:00" hostname="agent-env-ccde8a06-fc09-44c1-8db6-efeb0841abef"><testcase classname="tests.test_migration_verification" name="test_plan_structure_intact" time="0.012" /><testcase classname="tests.test_migration_verification" name="test_backup_contains_all_four_plans" time="0.001" /><testcase classname="tests.test_migration_verification" name="test_backup_docs_are_complete" time="0.049" /><testcase classname="tests.test_migration_verification" name="test_past_weeks_byte_identical_to_backup" time="0.006" /><testcase classname="tests.test_migration_verification" name="test_future_weeks_differ_from_backup" time="0.000" /><testcase classname="tests.test_migration_verification" name="test_speed_lower_week17_lt_week19" time="0.077" /><testcase classname="tests.test_migration_verification" name="test_future_deload_weeks_flagged" time="0.000" /><testcase classname="tests.test_migration_verification" name="test_migration_is_idempotent" time="0.918" /><testcase classname="tests.test_migration_verification" name="test_other_three_plans_untouched" time="0.074" /></testsuite></testsuites>