<?xml version="1.0" encoding="utf-8"?><testsuites name="pytest tests"><testsuite name="pytest" errors="0" failures="0" skipped="0" tests="13" time="26.984" timestamp="2026-07-17T23:08:43.989070+00:00" hostname="agent-env-ccde8a06-fc09-44c1-8db6-efeb0841abef"><testcase classname="tests.test_ai_coach_context_upgrade.TestInjuryDetailsAsSourceOfTruth" name="test_put_injury_details_active_and_past" time="0.488" /><testcase classname="tests.test_ai_coach_context_upgrade.TestInjuryDetailsAsSourceOfTruth" name="test_get_profile_reflects_saved_details" time="0.106" /><testcase classname="tests.test_ai_coach_context_upgrade.TestLegacyInjuryFlagsReconciles" name="test_legacy_flags_path" time="0.127" /><testcase classname="tests.test_ai_coach_context_upgrade.TestLegacyInjuryFlagsReconciles" name="test_dropping_active_flag_marks_past" time="0.110" /><testcase classname="tests.test_ai_coach_context_upgrade.TestOnboardingAnswersCaptureOnEdit" name="test_capture_on_edit_sleep_and_stress" time="0.100" /><testcase classname="tests.test_ai_coach_context_upgrade.TestOnboardingAnswersCaptureOnEdit" name="test_capture_on_edit_via_get_profile" time="0.104" /><testcase classname="tests.test_ai_coach_context_upgrade.TestApplyInjuryUpdateStillWorks" name="test_apply_injury_update_syncs_details" time="0.239" /><testcase classname="tests.test_ai_coach_context_upgrade.TestCoachTaperAwareness" name="test_weeks_out_message_mentions_taper" time="5.488" /><testcase classname="tests.test_ai_coach_context_upgrade.TestCoachTaperAwareness" name="test_session_notes_recall" time="8.548" /><testcase classname="tests.test_ai_coach_context_upgrade.TestCoachMemory" name="test_coach_memory_via_debug_or_indirect" time="5.245" /><testcase classname="tests.test_ai_coach_context_upgrade.TestCoachAddExerciseRegression" name="test_add_face_pulls" time="4.950" /><testcase classname="tests.test_ai_coach_context_upgrade.TestIntakeRegression" name="test_intake_fresh_user" time="1.324" /><testcase classname="tests.test_ai_coach_context_upgrade.TestRestoreStrongmanInjuries" name="test_restore" time="0.106" /></testsuite></testsuites>