<?xml version="1.0" encoding="utf-8"?><testsuites name="pytest tests"><testsuite name="pytest" errors="0" failures="1" skipped="0" tests="8" time="1.345" timestamp="2026-04-03T22:20:57.578668+00:00" hostname="agent-env-ccde8a06-fc09-44c1-8db6-efeb0841abef"><testcase classname="backend.tests.test_iteration6.TestConversations" name="test_get_conversations_returns_list" time="0.170" /><testcase classname="backend.tests.test_iteration6.TestConversations" name="test_get_conversation_invalid_id_returns_422_or_404" time="0.108" /><testcase classname="backend.tests.test_iteration6.TestApplyRecommendation" name="test_apply_recommendation_invalid_object_id" time="0.110" /><testcase classname="backend.tests.test_iteration6.TestProfile" name="test_profile_name_not_hardcoded_eric" time="0.117"><failure message="AssertionError: Name should not be hardcoded as 'Eric'&#10;assert 'Eric' != 'Eric'&#10; +  where 'Eric' = &lt;built-in method get of dict object at 0xfbdb954d47c0&gt;('name')&#10; +    where &lt;built-in method get of dict object at 0xfbdb954d47c0&gt; = {'avoidMovements': ['Stone to shoulder', 'Very low box squats', 'Aggressive from-floor max deadlift'], 'basePRs': {'axleDeadlift': 600, 'axleOverhead': 240, 'backSquat': 500, 'benchPress': 365, ...}, 'bw12WeekGoal': 255.0, 'bwLongRunGoal': 230.0, ...}.get">backend/tests/test_iteration6.py:52: in test_profile_name_not_hardcoded_eric
    assert data.get("name") != "Eric", "Name should not be hardcoded as 'Eric'"
E   AssertionError: Name should not be hardcoded as 'Eric'
E   assert 'Eric' != 'Eric'
E    +  where 'Eric' = &lt;built-in method get of dict object at 0xfbdb954d47c0&gt;('name')
E    +    where &lt;built-in method get of dict object at 0xfbdb954d47c0&gt; = {'avoidMovements': ['Stone to shoulder', 'Very low box squats', 'Aggressive from-floor max deadlift'], 'basePRs': {'axleDeadlift': 600, 'axleOverhead': 240, 'backSquat': 500, 'benchPress': 365, ...}, 'bw12WeekGoal': 255.0, 'bwLongRunGoal': 230.0, ...}.get</failure></testcase><testcase classname="backend.tests.test_iteration6.TestProfile" name="test_profile_bodyweight_default" time="0.111" /><testcase classname="backend.tests.test_iteration6.TestSeed" name="test_seed_already_seeded_returns_false" time="0.231" /><testcase classname="backend.tests.test_iteration6.TestInjuryEndpoints" name="test_injury_preview_works" time="0.106" /><testcase classname="backend.tests.test_iteration6.TestInjuryEndpoints" name="test_apply_injury_update" time="0.332" /></testsuite></testsuites>