<?xml version="1.0" encoding="utf-8"?><testsuites name="pytest tests"><testsuite name="pytest" errors="0" failures="0" skipped="6" tests="12" time="2.086" timestamp="2026-05-06T20:31:03.737319+00:00" hostname="agent-env-ccde8a06-fc09-44c1-8db6-efeb0841abef"><testcase classname="backend.tests.test_iter69_phase1_endpoints.TestTodaySessionPlanId" name="test_today_returns_plan_id_field" time="0.644" /><testcase classname="backend.tests.test_iter69_phase1_endpoints.TestTodaySessionPlanId" name="test_today_returns_plan_id_field_user_b" time="0.532" /><testcase classname="backend.tests.test_iter69_phase1_endpoints.TestSwitchMode" name="test_switch_to_free_mode" time="0.140" /><testcase classname="backend.tests.test_iter69_phase1_endpoints.TestSwitchMode" name="test_switch_to_program_mode" time="0.253" /><testcase classname="backend.tests.test_iter69_phase1_endpoints.TestSwitchMode" name="test_switch_mode_invalid" time="0.189" /><testcase classname="backend.tests.test_iter69_phase1_endpoints.TestSwitchMode" name="test_switch_mode_no_auth" time="0.132" /><testcase classname="backend.tests.test_iter69_phase1_endpoints.TestExerciseCategoryAndOrder" name="test_update_exercise_category" time="0.135"><skipped type="pytest.skip" message="No session today — cannot test exercise endpoints">/app/backend/tests/test_iter69_phase1_endpoints.py:123: No session today — cannot test exercise endpoints</skipped></testcase><testcase classname="backend.tests.test_iter69_phase1_endpoints.TestExerciseCategoryAndOrder" name="test_update_exercise_category_invalid" time="0.000"><skipped type="pytest.skip" message="No session today — cannot test exercise endpoints">/app/backend/tests/test_iter69_phase1_endpoints.py:139: No session today — cannot test exercise endpoints</skipped></testcase><testcase classname="backend.tests.test_iter69_phase1_endpoints.TestExerciseCategoryAndOrder" name="test_move_exercise_down" time="0.000"><skipped type="pytest.skip" message="No session today — cannot test exercise endpoints">/app/backend/tests/test_iter69_phase1_endpoints.py:149: No session today — cannot test exercise endpoints</skipped></testcase><testcase classname="backend.tests.test_iter69_phase1_endpoints.TestExerciseCategoryAndOrder" name="test_move_exercise_up" time="0.000"><skipped type="pytest.skip" message="No session today — cannot test exercise endpoints">/app/backend/tests/test_iter69_phase1_endpoints.py:163: No session today — cannot test exercise endpoints</skipped></testcase><testcase classname="backend.tests.test_iter69_phase1_endpoints.TestExerciseCategoryAndOrder" name="test_move_exercise_invalid_direction" time="0.000"><skipped type="pytest.skip" message="No session today — cannot test exercise endpoints">/app/backend/tests/test_iter69_phase1_endpoints.py:176: No session today — cannot test exercise endpoints</skipped></testcase><testcase classname="backend.tests.test_iter69_phase1_endpoints.TestExerciseCategoryAndOrder" name="test_exercise_endpoints_wrong_plan_id" time="0.000"><skipped type="pytest.skip" message="No session today — cannot test exercise endpoints">/app/backend/tests/test_iter69_phase1_endpoints.py:186: No session today — cannot test exercise endpoints</skipped></testcase></testsuite></testsuites>