<?xml version="1.0" encoding="utf-8"?><testsuites name="pytest tests"><testsuite name="pytest" errors="0" failures="0" skipped="0" tests="13" time="33.452" timestamp="2026-07-17T23:56:38.206114+00:00" hostname="agent-env-ccde8a06-fc09-44c1-8db6-efeb0841abef"><testcase classname="tests.test_ai_coach_context_upgrade.TestInjuryDetailsAsSourceOfTruth" name="test_put_injury_details_active_and_past" time="0.614" /><testcase classname="tests.test_ai_coach_context_upgrade.TestInjuryDetailsAsSourceOfTruth" name="test_get_profile_reflects_saved_details" time="0.105" /><testcase classname="tests.test_ai_coach_context_upgrade.TestLegacyInjuryFlagsReconciles" name="test_legacy_flags_path" time="0.116" /><testcase classname="tests.test_ai_coach_context_upgrade.TestLegacyInjuryFlagsReconciles" name="test_dropping_active_flag_marks_past" time="0.107" /><testcase classname="tests.test_ai_coach_context_upgrade.TestOnboardingAnswersCaptureOnEdit" name="test_capture_on_edit_sleep_and_stress" time="0.102" /><testcase classname="tests.test_ai_coach_context_upgrade.TestOnboardingAnswersCaptureOnEdit" name="test_capture_on_edit_via_get_profile" time="0.103" /><testcase classname="tests.test_ai_coach_context_upgrade.TestApplyInjuryUpdateStillWorks" name="test_apply_injury_update_syncs_details" time="0.230" /><testcase classname="tests.test_ai_coach_context_upgrade.TestCoachTaperAwareness" name="test_weeks_out_message_mentions_taper" time="5.388" /><testcase classname="tests.test_ai_coach_context_upgrade.TestCoachTaperAwareness" name="test_session_notes_recall" time="12.611" /><testcase classname="tests.test_ai_coach_context_upgrade.TestCoachMemory" name="test_coach_memory_via_debug_or_indirect" time="9.030" /><testcase classname="tests.test_ai_coach_context_upgrade.TestCoachAddExerciseRegression" name="test_add_face_pulls" time="3.632" /><testcase classname="tests.test_ai_coach_context_upgrade.TestIntakeRegression" name="test_intake_fresh_user" time="1.266" /><testcase classname="tests.test_ai_coach_context_upgrade.TestRestoreStrongmanInjuries" name="test_restore" time="0.095" /></testsuite></testsuites>