<?xml version="1.0" encoding="utf-8"?><testsuites name="pytest tests"><testsuite name="pytest" errors="0" failures="3" skipped="0" tests="9" time="1.782" timestamp="2026-04-16T17:43:00.562438+00:00" hostname="agent-env-ccde8a06-fc09-44c1-8db6-efeb0841abef"><testcase classname="backend.tests.test_session_finish.TestSessionFinishEndpoint" name="test_session_finish_no_auth_returns_401_or_200" time="0.162" /><testcase classname="backend.tests.test_session_finish.TestSessionFinishEndpoint" name="test_session_finish_with_auth_returns_200" time="0.505" /><testcase classname="backend.tests.test_session_finish.TestSessionFinishEndpoint" name="test_session_finish_with_session_id_echoes_it" time="0.171" /><testcase classname="backend.tests.test_session_finish.TestSessionFinishEndpoint" name="test_session_finish_response_structure" time="0.129" /><testcase classname="backend.tests.test_session_finish.TestLogAndFinishFlow" name="test_get_today_session" time="0.118" /><testcase classname="backend.tests.test_session_finish.TestLogAndFinishFlow" name="test_log_a_set" time="0.183"><failure message="assert 422 in (200, 201)&#10; +  where 422 = &lt;Response [422]&gt;.status_code">backend/tests/test_session_finish.py:92: in test_log_a_set
    assert resp.status_code in (200, 201)
E   assert 422 in (200, 201)
E    +  where 422 = &lt;Response [422]&gt;.status_code</failure></testcase><testcase classname="backend.tests.test_session_finish.TestLogAndFinishFlow" name="test_finish_session_after_logging" time="0.174" /><testcase classname="backend.tests.test_session_finish.TestScheduleCompleted" name="test_schedule_endpoint_returns_sessions" time="0.117"><failure message="assert 404 == 200&#10; +  where 404 = &lt;Response [404]&gt;.status_code">backend/tests/test_session_finish.py:111: in test_schedule_endpoint_returns_sessions
    assert resp.status_code == 200
E   assert 404 == 200
E    +  where 404 = &lt;Response [404]&gt;.status_code</failure></testcase><testcase classname="backend.tests.test_session_finish.TestScheduleCompleted" name="test_schedule_has_status_field" time="0.140"><failure message="assert 404 == 200&#10; +  where 404 = &lt;Response [404]&gt;.status_code">backend/tests/test_session_finish.py:119: in test_schedule_has_status_field
    assert resp.status_code == 200
E   assert 404 == 200
E    +  where 404 = &lt;Response [404]&gt;.status_code</failure></testcase></testsuite></testsuites>