<?xml version="1.0" encoding="utf-8"?><testsuites name="pytest tests"><testsuite name="pytest" errors="0" failures="0" skipped="0" tests="9" time="2.414" timestamp="2026-04-16T05:54:28.203134+00:00" hostname="agent-env-ccde8a06-fc09-44c1-8db6-efeb0841abef"><testcase classname="backend.tests.test_bug1_bug2_calendar_persist.TestCalendarEventsFutureSessions" name="test_calendar_events_returns_200" time="0.954" /><testcase classname="backend.tests.test_bug1_bug2_calendar_persist.TestCalendarEventsFutureSessions" name="test_future_sessions_not_completed" time="0.159" /><testcase classname="backend.tests.test_bug1_bug2_calendar_persist.TestCalendarEventsFutureSessions" name="test_past_sessions_can_be_completed" time="0.195" /><testcase classname="backend.tests.test_bug1_bug2_calendar_persist.TestCalendarEventsFutureSessions" name="test_user_b_calendar_future_not_completed" time="0.267" /><testcase classname="backend.tests.test_bug1_bug2_calendar_persist.TestTodaySessionLoad" name="test_today_session_loads" time="0.372" /><testcase classname="backend.tests.test_bug1_bug2_calendar_persist.TestTodaySessionLoad" name="test_today_session_structure" time="0.109" /><testcase classname="backend.tests.test_bug1_bug2_calendar_persist.TestWorkoutLogAPI" name="test_create_log_entry" time="0.103" /><testcase classname="backend.tests.test_bug1_bug2_calendar_persist.TestWorkoutLogAPI" name="test_fetch_logs_contains_created" time="0.101" /><testcase classname="backend.tests.test_bug1_bug2_calendar_persist.TestWorkoutLogAPI" name="test_delete_log_entry" time="0.100" /></testsuite></testsuites>