<?xml version="1.0" encoding="utf-8"?><testsuites name="pytest tests"><testsuite name="pytest" errors="0" failures="0" skipped="0" tests="8" time="4.593" timestamp="2026-04-16T03:33:04.436459+00:00" hostname="agent-env-ccde8a06-fc09-44c1-8db6-efeb0841abef"><testcase classname="backend.tests.test_pr_calendar_fixes.TestPRHistory" name="test_pr_history_endpoint_exists" time="0.630" /><testcase classname="backend.tests.test_pr_calendar_fixes.TestPRHistory" name="test_pr_history_for_exercise" time="0.450" /><testcase classname="backend.tests.test_pr_calendar_fixes.TestPRHistory" name="test_pr_log_and_detect" time="0.683" /><testcase classname="backend.tests.test_pr_calendar_fixes.TestCalendarOverrides" name="test_today_session_without_override" time="0.498" /><testcase classname="backend.tests.test_pr_calendar_fixes.TestCalendarOverrides" name="test_reschedule_and_today_override" time="0.657" /><testcase classname="backend.tests.test_pr_calendar_fixes.TestCalendarOverrides" name="test_reschedule_away_shows_rest" time="0.612" /><testcase classname="backend.tests.test_pr_calendar_fixes.TestCalendarOverrides" name="test_calendar_events_endpoint" time="0.505" /><testcase classname="backend.tests.test_pr_calendar_fixes.TestSetIndex" name="test_log_with_setindex" time="0.495" /></testsuite></testsuites>