<?xml version="1.0" encoding="utf-8"?><testsuites name="pytest tests"><testsuite name="pytest" errors="0" failures="2" skipped="0" tests="15" time="49.846" timestamp="2026-07-17T23:58:40.134319+00:00" hostname="agent-env-ccde8a06-fc09-44c1-8db6-efeb0841abef"><testcase classname="tests.test_iter83_analytics_and_coach.TestAnalyticsEndpoint" name="test_creep_user_has_bench_rpe_creep_flag" time="1.929" /><testcase classname="tests.test_iter83_analytics_and_coach.TestAnalyticsEndpoint" name="test_e1rm_user_shows_divergence_and_proposal_flag" time="0.118" /><testcase classname="tests.test_iter83_analytics_and_coach.TestAnalyticsEndpoint" name="test_injury_user_shows_rising_shoulder_and_ohp_correlation" time="0.105" /><testcase classname="tests.test_iter83_analytics_and_coach.TestAnalyticsEndpoint" name="test_thin_user_low_confidence" time="0.104" /><testcase classname="tests.test_iter83_analytics_and_coach.TestAnalyticsEndpoint" name="test_empty_user_returns_gracefully" time="0.107" /><testcase classname="tests.test_iter83_analytics_and_coach.TestBlockRecommendations" name="test_e1rm_start_loads_use_effective_basis" time="0.125"><failure message="AttributeError: 'list' object has no attribute 'strip'">tests/test_iter83_analytics_and_coach.py:173: in test_e1rm_start_loads_use_effective_basis
    assert (data.get("rationale") or "").strip(), "rationale should be non-empty"
           ^^^^^^^^^^^^^^^^^^^^^^^^^^^^^^^^^^^
E   AttributeError: 'list' object has no attribute 'strip'</failure></testcase><testcase classname="tests.test_iter83_analytics_and_coach.TestCoachDataDrivenAdvising" name="test_creep_deload_cites_actual_rpe_numbers" time="6.864" /><testcase classname="tests.test_iter83_analytics_and_coach.TestCoachDataDrivenAdvising" name="test_e1rm_user_load_update_proposes_and_never_auto_applies" time="8.569" /><testcase classname="tests.test_iter83_analytics_and_coach.TestCoachDataDrivenAdvising" name="test_injury_user_response_cites_ohp_and_advises_modification" time="10.953" /><testcase classname="tests.test_iter83_analytics_and_coach.TestCoachDataDrivenAdvising" name="test_thin_user_gets_low_confidence_disclaimer" time="5.471"><failure message="AssertionError: thin-data reply must disclaim limited window: no. you've only logged 3 sessions in the last month — your low compliance means you haven't accumulated enough fatigue to need a deload. the data shows high volume this week (4x your baseline), but that's misleading because the baseline is thin — only 2 weeks of logs, and you missed 9 of 12 sessions.&#10;  &#10;  when you're training inconsistently, the solution isn't backing off — it's showing up more often. get 2–3 solid weeks of hitting your sessions before worrying about deloads.&#10;assert False">tests/test_iter83_analytics_and_coach.py:278: in test_thin_user_gets_low_confidence_disclaimer
    assert disclaims, f"thin-data reply must disclaim limited window: {text[:600]}"
E   AssertionError: thin-data reply must disclaim limited window: no. you've only logged 3 sessions in the last month — your low compliance means you haven't accumulated enough fatigue to need a deload. the data shows high volume this week (4x your baseline), but that's misleading because the baseline is thin — only 2 weeks of logs, and you missed 9 of 12 sessions.
E     
E     when you're training inconsistently, the solution isn't backing off — it's showing up more often. get 2–3 solid weeks of hitting your sessions before worrying about deloads.
E   assert False</failure></testcase><testcase classname="tests.test_iter83_analytics_and_coach.TestCoachDataDrivenAdvising" name="test_empty_user_chat_works_and_analytics_absence_never_breaks" time="8.049" /><testcase classname="tests.test_iter83_analytics_and_coach.TestBackgroundRefreshAndStaleness" name="test_log_triggers_background_analytics_refresh_for_empty_user" time="1.264" /><testcase classname="tests.test_iter83_analytics_and_coach.TestBackgroundRefreshAndStaleness" name="test_stale_analytics_recomputes_on_get" time="1.110" /><testcase classname="tests.test_iter83_analytics_and_coach.TestRegressions" name="test_coach_add_exercise_still_works" time="4.680" /><testcase classname="tests.test_iter83_analytics_and_coach.TestRegressions" name="test_post_log_normal_flow_no_slowdown" time="0.152" /></testsuite></testsuites>