<?xml version="1.0" encoding="utf-8"?><testsuites name="pytest tests"><testsuite name="pytest" errors="0" failures="0" skipped="0" tests="9" time="1.814" timestamp="2026-04-15T23:05:06.447690+00:00" hostname="agent-env-ccde8a06-fc09-44c1-8db6-efeb0841abef"><testcase classname="backend.tests.test_pr_sync_fix.TestGetLifts" name="test_lifts_returns_200" time="0.550" /><testcase classname="backend.tests.test_pr_sync_fix.TestGetLifts" name="test_lifts_not_empty" time="0.138" /><testcase classname="backend.tests.test_pr_sync_fix.TestGetLifts" name="test_lifts_has_nonzero_e1rm" time="0.130" /><testcase classname="backend.tests.test_pr_sync_fix.TestGetLifts" name="test_lifts_user_filter" time="0.131" /><testcase classname="backend.tests.test_pr_sync_fix.TestGetLifts" name="test_lifts_includes_log_only_exercises" time="0.174" /><testcase classname="backend.tests.test_pr_sync_fix.TestGetPRs" name="test_prs_returns_200" time="0.184" /><testcase classname="backend.tests.test_pr_sync_fix.TestGetPRs" name="test_prs_has_nonzero_e1rm" time="0.148" /><testcase classname="backend.tests.test_pr_sync_fix.TestPRBestsOverview" name="test_overview_returns_200" time="0.124" /><testcase classname="backend.tests.test_pr_sync_fix.TestPRBestsOverview" name="test_overview_has_categories" time="0.181" /></testsuite></testsuites>