<?xml version="1.0" encoding="utf-8"?><testsuites name="pytest tests"><testsuite name="pytest" errors="0" failures="0" skipped="0" tests="18" time="2.212" timestamp="2026-07-15T19:22:22.250962+00:00" hostname="agent-env-ccde8a06-fc09-44c1-8db6-efeb0841abef"><testcase classname="backend.tests.test_coach_add_exercise_validator.TestSanitizeText" name="test_strips_tags_and_control_chars" time="0.000" /><testcase classname="backend.tests.test_coach_add_exercise_validator.TestSanitizeText" name="test_clamps_length" time="0.000" /><testcase classname="backend.tests.test_coach_add_exercise_validator.TestSanitizeText" name="test_non_string_becomes_empty" time="0.000" /><testcase classname="backend.tests.test_coach_add_exercise_validator.TestSanitizeText" name="test_collapses_whitespace" time="0.000" /><testcase classname="backend.tests.test_coach_add_exercise_validator.TestValidateCoachAddedExercise" name="test_valid_full_payload" time="0.000" /><testcase classname="backend.tests.test_coach_add_exercise_validator.TestValidateCoachAddedExercise" name="test_missing_name_rejected" time="0.000" /><testcase classname="backend.tests.test_coach_add_exercise_validator.TestValidateCoachAddedExercise" name="test_non_dict_rejected" time="0.000" /><testcase classname="backend.tests.test_coach_add_exercise_validator.TestValidateCoachAddedExercise" name="test_nonsense_category_coerced_to_accessory" time="0.000" /><testcase classname="backend.tests.test_coach_add_exercise_validator.TestValidateCoachAddedExercise" name="test_missing_category_coerced_to_accessory" time="0.000" /><testcase classname="backend.tests.test_coach_add_exercise_validator.TestValidateCoachAddedExercise" name="test_all_allowed_categories_pass_through" time="0.000" /><testcase classname="backend.tests.test_coach_add_exercise_validator.TestValidateCoachAddedExercise" name="test_category_case_insensitive" time="0.000" /><testcase classname="backend.tests.test_coach_add_exercise_validator.TestValidateCoachAddedExercise" name="test_sets_clamped" time="0.000" /><testcase classname="backend.tests.test_coach_add_exercise_validator.TestValidateCoachAddedExercise" name="test_sets_default_and_bad_type" time="0.000" /><testcase classname="backend.tests.test_coach_add_exercise_validator.TestValidateCoachAddedExercise" name="test_reps_default" time="0.000" /><testcase classname="backend.tests.test_coach_add_exercise_validator.TestValidateCoachAddedExercise" name="test_reps_free_form_kept" time="0.000" /><testcase classname="backend.tests.test_coach_add_exercise_validator.TestValidateCoachAddedExercise" name="test_notes_length_capped_and_optional" time="0.000" /><testcase classname="backend.tests.test_coach_add_exercise_validator.TestValidateCoachAddedExercise" name="test_html_in_name_stripped" time="0.000" /><testcase classname="backend.tests.test_coach_add_exercise_validator.TestCategoryConstant" name="test_categories_set_matches_spec" time="0.000" /></testsuite></testsuites>