<?xml version="1.0" encoding="utf-8"?><testsuites name="pytest tests"><testsuite name="pytest" errors="0" failures="0" skipped="0" tests="5" time="1.228" timestamp="2026-04-16T05:21:05.568358+00:00" hostname="agent-env-ccde8a06-fc09-44c1-8db6-efeb0841abef"><testcase classname="backend.tests.test_calendar_sync_fix" name="test_calendar_events_200" time="0.639" /><testcase classname="backend.tests.test_calendar_sync_fix" name="test_calendar_event_april15_completed" time="0.144" /><testcase classname="backend.tests.test_calendar_sync_fix" name="test_future_events_not_completed" time="0.161" /><testcase classname="backend.tests.test_calendar_sync_fix" name="test_calendar_events_structure" time="0.231" /><testcase classname="backend.tests.test_calendar_sync_fix" name="test_no_backend_errors" time="0.003" /></testsuite></testsuites>