<?xml version="1.0" encoding="utf-8"?><testsuites name="pytest tests"><testsuite name="pytest" errors="0" failures="0" skipped="0" tests="37" time="69.622" timestamp="2026-07-18T00:00:07.606394+00:00" hostname="agent-env-ccde8a06-fc09-44c1-8db6-efeb0841abef"><testcase classname="tests.test_iter83_analytics_and_coach.TestAnalyticsEndpoint" name="test_creep_user_has_bench_rpe_creep_flag" time="1.784" /><testcase classname="tests.test_iter83_analytics_and_coach.TestAnalyticsEndpoint" name="test_e1rm_user_shows_divergence_and_proposal_flag" time="0.096" /><testcase classname="tests.test_iter83_analytics_and_coach.TestAnalyticsEndpoint" name="test_injury_user_shows_rising_shoulder_and_ohp_correlation" time="0.116" /><testcase classname="tests.test_iter83_analytics_and_coach.TestAnalyticsEndpoint" name="test_thin_user_low_confidence" time="0.113" /><testcase classname="tests.test_iter83_analytics_and_coach.TestAnalyticsEndpoint" name="test_empty_user_returns_gracefully" time="0.129" /><testcase classname="tests.test_iter83_analytics_and_coach.TestBlockRecommendations" name="test_e1rm_start_loads_use_effective_basis" time="0.111" /><testcase classname="tests.test_iter83_analytics_and_coach.TestCoachDataDrivenAdvising" name="test_creep_deload_cites_actual_rpe_numbers" time="8.355" /><testcase classname="tests.test_iter83_analytics_and_coach.TestCoachDataDrivenAdvising" name="test_e1rm_user_load_update_proposes_and_never_auto_applies" time="9.279" /><testcase classname="tests.test_iter83_analytics_and_coach.TestCoachDataDrivenAdvising" name="test_injury_user_response_cites_ohp_and_advises_modification" time="14.732" /><testcase classname="tests.test_iter83_analytics_and_coach.TestCoachDataDrivenAdvising" name="test_thin_user_gets_low_confidence_disclaimer" time="6.966" /><testcase classname="tests.test_iter83_analytics_and_coach.TestCoachDataDrivenAdvising" name="test_empty_user_chat_works_and_analytics_absence_never_breaks" time="12.919" /><testcase classname="tests.test_iter83_analytics_and_coach.TestBackgroundRefreshAndStaleness" name="test_log_triggers_background_analytics_refresh_for_empty_user" time="1.346" /><testcase classname="tests.test_iter83_analytics_and_coach.TestBackgroundRefreshAndStaleness" name="test_stale_analytics_recomputes_on_get" time="1.125" /><testcase classname="tests.test_iter83_analytics_and_coach.TestRegressions" name="test_coach_add_exercise_still_works" time="12.201" /><testcase classname="tests.test_iter83_analytics_and_coach.TestRegressions" name="test_post_log_normal_flow_no_slowdown" time="0.148" /><testcase classname="tests.test_training_analytics" name="test_pattern_classifier" time="0.000" /><testcase classname="tests.test_training_analytics" name="test_main_lift_matcher_excludes_variations" time="0.000" /><testcase classname="tests.test_training_analytics" name="test_rpe_creep_flags_rising_rpe_at_flat_load" time="0.000" /><testcase classname="tests.test_training_analytics" name="test_rpe_creep_not_flagged_when_load_rises_too" time="0.000" /><testcase classname="tests.test_training_analytics" name="test_rpe_creep_needs_min_exposures" time="0.000" /><testcase classname="tests.test_training_analytics" name="test_fatigue_high_on_volume_spike_and_rpe_jump" time="0.000" /><testcase classname="tests.test_training_analytics" name="test_fatigue_normal_on_steady_training" time="0.000" /><testcase classname="tests.test_training_analytics" name="test_fatigue_unknown_without_volume" time="0.000" /><testcase classname="tests.test_training_analytics" name="test_effective_1rm_divergence" time="0.000" /><testcase classname="tests.test_training_analytics" name="test_effective_1rm_never_overwrites_entered" time="0.000" /><testcase classname="tests.test_training_analytics" name="test_effective_1rm_within_tolerance_not_flagged" time="0.001" /><testcase classname="tests.test_training_analytics" name="test_effective_1rm_kg_entered_converted" time="0.000" /><testcase classname="tests.test_training_analytics" name="test_effective_1rm_submax_set_cannot_prove_a_drop" time="0.001" /><testcase classname="tests.test_training_analytics" name="test_pain_rising_trend_and_correlation" time="0.002" /><testcase classname="tests.test_training_analytics" name="test_pain_falling_trend" time="0.000" /><testcase classname="tests.test_training_analytics" name="test_pain_from_log_pain_field_counts" time="0.001" /><testcase classname="tests.test_training_analytics" name="test_compliance" time="0.000" /><testcase classname="tests.test_training_analytics" name="test_weekly_volume_buckets_and_patterns" time="0.000" /><testcase classname="tests.test_training_analytics" name="test_intensity_distribution" time="0.001" /><testcase classname="tests.test_training_analytics" name="test_trends_context_only_non_neutral" time="0.000" /><testcase classname="tests.test_training_analytics" name="test_trends_context_includes_signals_and_low_confidence" time="0.000" /><testcase classname="tests.test_training_analytics" name="test_trends_context_empty_analytics_safe" time="0.001" /></testsuite></testsuites>