<?xml version="1.0" encoding="utf-8"?><testsuites name="pytest tests"><testsuite name="pytest" errors="0" failures="0" skipped="0" tests="4" time="1.238" timestamp="2026-04-16T18:01:32.680001+00:00" hostname="agent-env-ccde8a06-fc09-44c1-8db6-efeb0841abef"><testcase classname="backend.tests.test_session_finish.TestSessionFinish" name="test_finish_session_no_session_id" time="0.590" /><testcase classname="backend.tests.test_session_finish.TestSessionFinish" name="test_finish_session_with_session_id" time="0.346" /><testcase classname="backend.tests.test_session_finish.TestSessionFinish" name="test_finish_session_response_structure" time="0.114" /><testcase classname="backend.tests.test_session_finish.TestSessionFinish" name="test_plan_session_today_accessible" time="0.137" /></testsuite></testsuites>