<?xml version="1.0" encoding="utf-8"?><testsuites name="pytest tests"><testsuite name="pytest" errors="0" failures="0" skipped="0" tests="11" time="30.951" timestamp="2026-07-20T18:54:38.728370+00:00" hostname="agent-env-ccde8a06-fc09-44c1-8db6-efeb0841abef"><testcase classname="test_iter85_coach_writeactions.TestAddExerciseRegression" name="test_add_face_pulls" time="4.324" /><testcase classname="test_iter85_coach_writeactions.TestRemovePrescribed" name="test_remove_prescribed_first_exercise_no_plan_mutation" time="3.551" /><testcase classname="test_iter85_coach_writeactions.TestRemoveAdded" name="test_remove_added_face_pulls" time="2.196" /><testcase classname="test_iter85_coach_writeactions.TestAmbiguityGuard" name="test_two_rows_ambiguous" time="2.272" /><testcase classname="test_iter85_coach_writeactions.TestSwap" name="test_swap_prescribed_for_alternative" time="7.939" /><testcase classname="test_iter85_coach_writeactions.TestHonesty" name="test_delete_week3_refused_with_limitation" time="4.955" /><testcase classname="test_iter85_coach_writeactions.TestValidatorRobustness" name="test_resolve_ignores_empty_and_junk" time="0.000" /><testcase classname="test_iter85_coach_writeactions.TestValidatorRobustness" name="test_resolve_prescribed_exact_and_partial" time="0.000" /><testcase classname="test_iter85_coach_writeactions.TestValidatorRobustness" name="test_resolve_ambiguous" time="0.000" /><testcase classname="test_iter85_coach_writeactions.TestValidatorRobustness" name="test_resolve_added" time="0.000" /><testcase classname="test_iter85_coach_writeactions.TestMalformedRemoveTagE2E" name="test_bogus_name_no_phantom_remove" time="3.375" /></testsuite></testsuites>