<?xml version="1.0" encoding="utf-8"?><testsuites name="pytest tests"><testsuite name="pytest" errors="0" failures="5" skipped="0" tests="15" time="3.856" timestamp="2026-04-04T02:41:08.401141+00:00" hostname="agent-env-ccde8a06-fc09-44c1-8db6-efeb0841abef"><testcase classname="backend.tests.test_iteration8.TestAuth" name="test_login_user_a" time="0.475" /><testcase classname="backend.tests.test_iteration8.TestAuth" name="test_login_user_b" time="0.406" /><testcase classname="backend.tests.test_iteration8.TestAuth" name="test_login_wrong_password" time="0.333" /><testcase classname="backend.tests.test_iteration8.TestAuth" name="test_register_fresh_user" time="0.384" /><testcase classname="backend.tests.test_iteration8.TestProfileIsolation" name="test_profile_user_a" time="0.503"><failure message="AssertionError: assert None == 'user_a@theprogram.app'&#10; +  where None = &lt;built-in method get of dict object at 0xffb1289194c0&gt;('email')&#10; +    where &lt;built-in method get of dict object at 0xffb1289194c0&gt; = {'avoidMovements': ['Stone to shoulder', 'Very low box squats', 'Aggressive from-floor max deadlift'], 'basePRs': {'bench': 100, 'deadlift': 300, 'ohp': 95, 'squat': 200}, 'bw12WeekGoal': 150.0, 'bwLongRunGoal': 230.0, ...}.get">backend/tests/test_iteration8.py:84: in test_profile_user_a
    assert data.get("email") == "user_a@theprogram.app"
E   AssertionError: assert None == 'user_a@theprogram.app'
E    +  where None = &lt;built-in method get of dict object at 0xffb1289194c0&gt;('email')
E    +    where &lt;built-in method get of dict object at 0xffb1289194c0&gt; = {'avoidMovements': ['Stone to shoulder', 'Very low box squats', 'Aggressive from-floor max deadlift'], 'basePRs': {'bench': 100, 'deadlift': 300, 'ohp': 95, 'squat': 200}, 'bw12WeekGoal': 150.0, 'bwLongRunGoal': 230.0, ...}.get</failure></testcase><testcase classname="backend.tests.test_iteration8.TestProfileIsolation" name="test_profile_user_b" time="0.465"><failure message="AssertionError: assert None == 'user_b@theprogram.app'&#10; +  where None = &lt;built-in method get of dict object at 0xffb12879e3c0&gt;('email')&#10; +    where &lt;built-in method get of dict object at 0xffb12879e3c0&gt; = {'avoidMovements': ['Stone to shoulder', 'Very low box squats', 'Aggressive from-floor max deadlift'], 'basePRs': {'bench': 100, 'deadlift': 300, 'ohp': 95, 'squat': 200}, 'bw12WeekGoal': 150.0, 'bwLongRunGoal': 230.0, ...}.get">backend/tests/test_iteration8.py:92: in test_profile_user_b
    assert data.get("email") == "user_b@theprogram.app"
E   AssertionError: assert None == 'user_b@theprogram.app'
E    +  where None = &lt;built-in method get of dict object at 0xffb12879e3c0&gt;('email')
E    +    where &lt;built-in method get of dict object at 0xffb12879e3c0&gt; = {'avoidMovements': ['Stone to shoulder', 'Very low box squats', 'Aggressive from-floor max deadlift'], 'basePRs': {'bench': 100, 'deadlift': 300, 'ohp': 95, 'squat': 200}, 'bw12WeekGoal': 150.0, 'bwLongRunGoal': 230.0, ...}.get</failure></testcase><testcase classname="backend.tests.test_iteration8.TestProfileIsolation" name="test_profile_data_isolation" time="0.239"><failure message="AssertionError: assert None != None&#10; +  where None = &lt;built-in method get of dict object at 0xffb1287a5900&gt;('email')&#10; +    where &lt;built-in method get of dict object at 0xffb1287a5900&gt; = {'avoidMovements': ['Stone to shoulder', 'Very low box squats', 'Aggressive from-floor max deadlift'], 'basePRs': {'bench': 100, 'deadlift': 300, 'ohp': 95, 'squat': 200}, 'bw12WeekGoal': 150.0, 'bwLongRunGoal': 230.0, ...}.get&#10; +      where {'avoidMovements': ['Stone to shoulder', 'Very low box squats', 'Aggressive from-floor max deadlift'], 'basePRs': {'bench': 100, 'deadlift': 300, 'ohp': 95, 'squat': 200}, 'bw12WeekGoal': 150.0, 'bwLongRunGoal': 230.0, ...} = json()&#10; +        where json = &lt;Response [200]&gt;.json&#10; +  and   None = &lt;built-in method get of dict object at 0xffb1287a5f00&gt;('email')&#10; +    where &lt;built-in method get of dict object at 0xffb1287a5f00&gt; = {'avoidMovements': ['Stone to shoulder', 'Very low box squats', 'Aggressive from-floor max deadlift'], 'basePRs': {'bench': 100, 'deadlift': 300, 'ohp': 95, 'squat': 200}, 'bw12WeekGoal': 150.0, 'bwLongRunGoal': 230.0, ...}.get&#10; +      where {'avoidMovements': ['Stone to shoulder', 'Very low box squats', 'Aggressive from-floor max deadlift'], 'basePRs': {'bench': 100, 'deadlift': 300, 'ohp': 95, 'squat': 200}, 'bw12WeekGoal': 150.0, 'bwLongRunGoal': 230.0, ...} = json()&#10; +        where json = &lt;Response [200]&gt;.json">backend/tests/test_iteration8.py:102: in test_profile_data_isolation
    assert resp_a.json().get("email") != resp_b.json().get("email")
E   AssertionError: assert None != None
E    +  where None = &lt;built-in method get of dict object at 0xffb1287a5900&gt;('email')
E    +    where &lt;built-in method get of dict object at 0xffb1287a5900&gt; = {'avoidMovements': ['Stone to shoulder', 'Very low box squats', 'Aggressive from-floor max deadlift'], 'basePRs': {'bench': 100, 'deadlift': 300, 'ohp': 95, 'squat': 200}, 'bw12WeekGoal': 150.0, 'bwLongRunGoal': 230.0, ...}.get
E    +      where {'avoidMovements': ['Stone to shoulder', 'Very low box squats', 'Aggressive from-floor max deadlift'], 'basePRs': {'bench': 100, 'deadlift': 300, 'ohp': 95, 'squat': 200}, 'bw12WeekGoal': 150.0, 'bwLongRunGoal': 230.0, ...} = json()
E    +        where json = &lt;Response [200]&gt;.json
E    +  and   None = &lt;built-in method get of dict object at 0xffb1287a5f00&gt;('email')
E    +    where &lt;built-in method get of dict object at 0xffb1287a5f00&gt; = {'avoidMovements': ['Stone to shoulder', 'Very low box squats', 'Aggressive from-floor max deadlift'], 'basePRs': {'bench': 100, 'deadlift': 300, 'ohp': 95, 'squat': 200}, 'bw12WeekGoal': 150.0, 'bwLongRunGoal': 230.0, ...}.get
E    +      where {'avoidMovements': ['Stone to shoulder', 'Very low box squats', 'Aggressive from-floor max deadlift'], 'basePRs': {'bench': 100, 'deadlift': 300, 'ohp': 95, 'squat': 200}, 'bw12WeekGoal': 150.0, 'bwLongRunGoal': 230.0, ...} = json()
E    +        where json = &lt;Response [200]&gt;.json</failure></testcase><testcase classname="backend.tests.test_iteration8.TestInjuryPreview" name="test_injury_preview_si_joint_user_a" time="0.107"><failure message="AssertionError: Expected Conventional Deadlift to be restricted but not found in []&#10;assert False&#10; +  where False = any(&lt;generator object TestInjuryPreview.test_injury_preview_si_joint_user_a.&lt;locals&gt;.&lt;genexpr&gt; at 0xffb12891d4e0&gt;)">backend/tests/test_iteration8.py:136: in test_injury_preview_si_joint_user_a
    assert any(ex in str(r) for r in restricted_names), \
E   AssertionError: Expected Conventional Deadlift to be restricted but not found in []
E   assert False
E    +  where False = any(&lt;generator object TestInjuryPreview.test_injury_preview_si_joint_user_a.&lt;locals&gt;.&lt;genexpr&gt; at 0xffb12891d4e0&gt;)</failure></testcase><testcase classname="backend.tests.test_iteration8.TestInjuryPreview" name="test_injury_preview_trap_bar_not_restricted" time="0.114" /><testcase classname="backend.tests.test_iteration8.TestInjuryPreview" name="test_injury_preview_no_auth" time="0.121" /><testcase classname="backend.tests.test_iteration8.TestApplyInjuryUpdate" name="test_apply_injury_update_user_a" time="0.132" /><testcase classname="backend.tests.test_iteration8.TestApplyInjuryUpdate" name="test_apply_injury_update_injury_flags_persisted" time="0.146"><failure message="AssertionError: SI Joint / Pelvis not found in profile injuries: []&#10;assert False&#10; +  where False = any(&lt;generator object TestApplyInjuryUpdate.test_apply_injury_update_injury_flags_persisted.&lt;locals&gt;.&lt;genexpr&gt; at 0xffb128905d20&gt;)">backend/tests/test_iteration8.py:194: in test_apply_injury_update_injury_flags_persisted
    assert any("SI Joint" in str(inj) or "si joint" in str(inj).lower() or "Pelvis" in str(inj)
E   AssertionError: SI Joint / Pelvis not found in profile injuries: []
E   assert False
E    +  where False = any(&lt;generator object TestApplyInjuryUpdate.test_apply_injury_update_injury_flags_persisted.&lt;locals&gt;.&lt;genexpr&gt; at 0xffb128905d20&gt;)</failure></testcase><testcase classname="backend.tests.test_iteration8.TestSessionAfterSwap" name="test_session_today_user_a" time="0.099" /><testcase classname="backend.tests.test_iteration8.TestOtherEndpoints" name="test_coach_conversations_user_a" time="0.102" /><testcase classname="backend.tests.test_iteration8.TestOtherEndpoints" name="test_prs_overview_user_a" time="0.122" /></testsuite></testsuites>