<?xml version="1.0" encoding="utf-8"?><testsuites name="pytest tests"><testsuite name="pytest" errors="0" failures="0" skipped="0" tests="15" time="2.279" timestamp="2026-04-02T20:15:00.044952+00:00" hostname="agent-env-ccde8a06-fc09-44c1-8db6-efeb0841abef"><testcase classname="backend.tests.test_iteration2.TestCore" name="test_root" time="0.258" /><testcase classname="backend.tests.test_iteration2.TestCore" name="test_profile_get" time="0.165" /><testcase classname="backend.tests.test_iteration2.TestCore" name="test_seed" time="0.112" /><testcase classname="backend.tests.test_iteration2.TestAnalytics" name="test_analytics_overview" time="0.152" /><testcase classname="backend.tests.test_iteration2.TestAnalytics" name="test_analytics_volume" time="0.127" /><testcase classname="backend.tests.test_iteration2.TestAnalytics" name="test_analytics_pain" time="0.155" /><testcase classname="backend.tests.test_iteration2.TestAnalytics" name="test_analytics_compliance" time="0.119" /><testcase classname="backend.tests.test_iteration2.TestSubstitutions" name="test_get_substitutions" time="0.112" /><testcase classname="backend.tests.test_iteration2.TestSubstitutions" name="test_post_substitution" time="0.117" /><testcase classname="backend.tests.test_iteration2.TestSubstitutions" name="test_get_substitutions_by_week" time="0.205" /><testcase classname="backend.tests.test_iteration2.TestPRs" name="test_get_prs" time="0.136" /><testcase classname="backend.tests.test_iteration2.TestPRs" name="test_prs_bests_overview" time="0.176" /><testcase classname="backend.tests.test_iteration2.TestPRs" name="test_pr_history_by_exercise" time="0.154" /><testcase classname="backend.tests.test_iteration2.TestLog" name="test_get_log" time="0.108" /><testcase classname="backend.tests.test_iteration2.TestLog" name="test_week_stats" time="0.122" /></testsuite></testsuites>