<?xml version="1.0" encoding="utf-8"?><testsuites name="pytest tests"><testsuite name="pytest" errors="0" failures="0" skipped="0" tests="9" time="2.283" timestamp="2026-04-13T19:11:01.603299+00:00" hostname="agent-env-ccde8a06-fc09-44c1-8db6-efeb0841abef"><testcase classname="backend.tests.test_lifts" name="test_get_catalog" time="0.677" /><testcase classname="backend.tests.test_lifts" name="test_get_lifts" time="0.107" /><testcase classname="backend.tests.test_lifts" name="test_add_lift_and_verify" time="0.437" /><testcase classname="backend.tests.test_lifts" name="test_add_duplicate_lift" time="0.160" /><testcase classname="backend.tests.test_lifts" name="test_update_lift_pr" time="0.158" /><testcase classname="backend.tests.test_lifts" name="test_set_featured_lifts" time="0.155" /><testcase classname="backend.tests.test_lifts" name="test_featured_max_3_limit" time="0.172" /><testcase classname="backend.tests.test_lifts" name="test_delete_lift" time="0.252" /><testcase classname="backend.tests.test_lifts" name="test_delete_nonexistent_lift" time="0.108" /></testsuite></testsuites>