<?xml version="1.0" encoding="utf-8"?><testsuites name="pytest tests"><testsuite name="pytest" errors="0" failures="0" skipped="0" tests="12" time="17.341" timestamp="2026-04-04T08:08:00.190152+00:00" hostname="agent-env-ccde8a06-fc09-44c1-8db6-efeb0841abef"><testcase classname="backend.tests.test_onboarding_flow.TestRegisterLogin" name="test_register_new_user" time="0.472" /><testcase classname="backend.tests.test_onboarding_flow.TestRegisterLogin" name="test_login_returns_token" time="0.510" /><testcase classname="backend.tests.test_onboarding_flow.TestStrongmanIntake" name="test_strongman_intake_200" time="5.722" /><testcase classname="backend.tests.test_onboarding_flow.TestStrongmanIntake" name="test_strongman_plan_name" time="0.000" /><testcase classname="backend.tests.test_onboarding_flow.TestStrongmanIntake" name="test_strongman_user_id_not_default" time="0.000" /><testcase classname="backend.tests.test_onboarding_flow.TestStrongmanIntake" name="test_strongman_lowercase_goal_also_works" time="4.292" /><testcase classname="backend.tests.test_onboarding_flow.TestPutProfile" name="test_put_profile_upsert_200" time="0.132" /><testcase classname="backend.tests.test_onboarding_flow.TestPutProfile" name="test_get_profile_after_upsert" time="0.119" /><testcase classname="backend.tests.test_onboarding_flow.TestHypertrophyIntake" name="test_hypertrophy_intake_200" time="5.918" /><testcase classname="backend.tests.test_onboarding_flow.TestHypertrophyIntake" name="test_hypertrophy_plan_name" time="0.000" /><testcase classname="backend.tests.test_onboarding_flow.TestHypertrophyIntake" name="test_hypertrophy_different_from_strongman" time="0.000" /><testcase classname="backend.tests.test_onboarding_flow.TestTodaySession" name="test_today_session_200" time="0.117" /></testsuite></testsuites>