<?xml version="1.0" encoding="utf-8"?><testsuites name="pytest tests"><testsuite name="pytest" errors="0" failures="0" skipped="0" tests="7" time="5.262" timestamp="2026-04-04T05:33:41.884506+00:00" hostname="agent-env-ccde8a06-fc09-44c1-8db6-efeb0841abef"><testcase classname="backend.tests.test_phase2_batch3_retest" name="test_profile_intake" time="4.345" /><testcase classname="backend.tests.test_phase2_batch3_retest" name="test_setup_prehab_entries" time="0.217" /><testcase classname="backend.tests.test_phase2_batch3_retest" name="test_change_log_has_prehab_entries" time="0.096" /><testcase classname="backend.tests.test_phase2_batch3_retest" name="test_undo_prehab_addition" time="0.215" /><testcase classname="backend.tests.test_phase2_batch3_retest" name="test_change_log_entry_marked_undone" time="0.103" /><testcase classname="backend.tests.test_phase2_batch3_retest" name="test_competition_set_returns_has_competition_true" time="0.102" /><testcase classname="backend.tests.test_phase2_batch3_retest" name="test_competition_set_past_date_returns_400" time="0.128" /></testsuite></testsuites>