<?xml version="1.0" encoding="utf-8"?><testsuites name="pytest tests"><testsuite name="pytest" errors="0" failures="0" skipped="0" tests="34" time="20.016" timestamp="2026-04-04T05:40:14.539275+00:00" hostname="agent-env-ccde8a06-fc09-44c1-8db6-efeb0841abef"><testcase classname="backend.tests.test_phase2_final_qa.TestAuth" name="test_register_new_user" time="0.442" /><testcase classname="backend.tests.test_phase2_final_qa.TestAuth" name="test_login_user_a" time="0.333" /><testcase classname="backend.tests.test_phase2_final_qa.TestAuth" name="test_login_user_b" time="0.316" /><testcase classname="backend.tests.test_phase2_final_qa.TestProfile" name="test_intake_user_a" time="4.888" /><testcase classname="backend.tests.test_phase2_final_qa.TestProfile" name="test_intake_user_b" time="3.494" /><testcase classname="backend.tests.test_phase2_final_qa.TestProfile" name="test_get_profile_user_a" time="0.097" /><testcase classname="backend.tests.test_phase2_final_qa.TestProfile" name="test_get_profile_user_b" time="0.135" /><testcase classname="backend.tests.test_phase2_final_qa.TestProfile" name="test_data_isolation" time="0.200" /><testcase classname="backend.tests.test_phase2_final_qa.TestBatch1" name="test_get_pain_history" time="0.098" /><testcase classname="backend.tests.test_phase2_final_qa.TestBatch1" name="test_post_pain_entry" time="0.121" /><testcase classname="backend.tests.test_phase2_final_qa.TestBatch1" name="test_get_readiness_today" time="0.105" /><testcase classname="backend.tests.test_phase2_final_qa.TestBatch1" name="test_post_readiness" time="0.109" /><testcase classname="backend.tests.test_phase2_final_qa.TestBatch1" name="test_get_plan_session_today" time="0.101" /><testcase classname="backend.tests.test_phase2_final_qa.TestBatch1" name="test_log_workout" time="0.116" /><testcase classname="backend.tests.test_phase2_final_qa.TestBatch1" name="test_get_session_ratings" time="0.093" /><testcase classname="backend.tests.test_phase2_final_qa.TestBatch1" name="test_post_session_rating" time="3.190" /><testcase classname="backend.tests.test_phase2_final_qa.TestBatch1" name="test_get_warmup_today" time="0.133" /><testcase classname="backend.tests.test_phase2_final_qa.TestBatch1" name="test_get_injury_preview" time="0.101" /><testcase classname="backend.tests.test_phase2_final_qa.TestBatch1" name="test_apply_injury_update" time="0.092" /><testcase classname="backend.tests.test_phase2_final_qa.TestBatch2" name="test_get_weekly_review" time="0.096" /><testcase classname="backend.tests.test_phase2_final_qa.TestBatch2" name="test_get_deload_check" time="0.103" /><testcase classname="backend.tests.test_phase2_final_qa.TestBatch2" name="test_post_auto_adjust" time="0.105" /><testcase classname="backend.tests.test_phase2_final_qa.TestBatch2" name="test_post_autoregulate" time="0.098" /><testcase classname="backend.tests.test_phase2_final_qa.TestBatch3" name="test_start_rehab" time="3.049" /><testcase classname="backend.tests.test_phase2_final_qa.TestBatch3" name="test_get_rehab_status" time="0.103" /><testcase classname="backend.tests.test_phase2_final_qa.TestBatch3" name="test_get_rehab_exercises" time="0.099" /><testcase classname="backend.tests.test_phase2_final_qa.TestBatch3" name="test_log_rehab_session" time="0.101" /><testcase classname="backend.tests.test_phase2_final_qa.TestBatch3" name="test_set_competition" time="0.093" /><testcase classname="backend.tests.test_phase2_final_qa.TestBatch3" name="test_get_competition_status" time="0.932" /><testcase classname="backend.tests.test_phase2_final_qa.TestBatch3" name="test_get_rotation_check" time="0.119" /><testcase classname="backend.tests.test_phase2_final_qa.TestBatch3" name="test_get_coach_changelog" time="0.104" /><testcase classname="backend.tests.test_phase2_final_qa.TestBatch3" name="test_undo_and_conflict" time="0.545" /><testcase classname="backend.tests.test_phase2_final_qa.TestDataIntegrity" name="test_plan_session_still_accessible" time="0.116" /><testcase classname="backend.tests.test_phase2_final_qa.TestDataIntegrity" name="test_user_b_isolation_after_changes" time="0.096" /></testsuite></testsuites>