<?xml version="1.0" encoding="utf-8"?><testsuites name="pytest tests"><testsuite name="pytest" errors="0" failures="1" skipped="0" tests="20" time="19.027" timestamp="2026-04-04T05:25:27.105120+00:00" hostname="agent-env-ccde8a06-fc09-44c1-8db6-efeb0841abef"><testcase classname="backend.tests.test_phase2_batch3.TestSetup" name="test_profile_intake_user_a" time="5.063" /><testcase classname="backend.tests.test_phase2_batch3.TestRehabProgression" name="test_rehab_start_lower_back" time="2.551" /><testcase classname="backend.tests.test_phase2_batch3.TestRehabProgression" name="test_rehab_status" time="0.101" /><testcase classname="backend.tests.test_phase2_batch3.TestRehabProgression" name="test_rehab_exercises" time="0.100" /><testcase classname="backend.tests.test_phase2_batch3.TestRehabProgression" name="test_rehab_log_session" time="0.124" /><testcase classname="backend.tests.test_phase2_batch3.TestRehabProgression" name="test_rehab_start_knee" time="3.446" /><testcase classname="backend.tests.test_phase2_batch3.TestCompetitionPeaking" name="test_competition_set_future" time="0.124" /><testcase classname="backend.tests.test_phase2_batch3.TestCompetitionPeaking" name="test_competition_status" time="1.158" /><testcase classname="backend.tests.test_phase2_batch3.TestCompetitionPeaking" name="test_competition_set_close_date" time="0.102" /><testcase classname="backend.tests.test_phase2_batch3.TestCompetitionPeaking" name="test_competition_status_has_adjustments" time="1.568" /><testcase classname="backend.tests.test_phase2_batch3.TestExerciseRotation" name="test_rotation_check" time="0.101" /><testcase classname="backend.tests.test_phase2_batch3.TestChangelogUndo" name="test_get_change_log" time="0.100" /><testcase classname="backend.tests.test_phase2_batch3.TestChangelogUndo" name="test_undo_change_if_available" time="0.216"><failure message="AssertionError: undo success not true: {'success': False, 'reverted': 0, 'original': 'Injury Flags: Shoulder (general), Rotator Cuff, Elbow (tendinitis/pain), Lower Back / Lumbar, Hamstring, Nerve / Sciatica, Upper Back / Thoracic, SI Joint / Pelvis', 'replacement': 'Injury Flags: SI Joint / Pelvis', 'week': 1, 'message': 'No matching exercise found to undo (may already be different)'}&#10;assert False is True&#10; +  where False = &lt;built-in method get of dict object at 0xf8aefe198d40&gt;('success')&#10; +    where &lt;built-in method get of dict object at 0xf8aefe198d40&gt; = {'message': 'No matching exercise found to undo (may already be different)', 'original': 'Injury Flags: Shoulder (general), Rotator Cuff, Elbow (tendinitis/pain), Lower Back / Lumbar, Hamstring, Nerve / Sciatica, Upper Back / Thoracic, SI Joint / Pelvis', 'replacement': 'Injury Flags: SI Joint / Pelvis', 'reverted': 0, ...}.get">backend/tests/test_phase2_batch3.py:215: in test_undo_change_if_available
    assert undo_data.get("success") is True, f"undo success not true: {undo_data}"
E   AssertionError: undo success not true: {'success': False, 'reverted': 0, 'original': 'Injury Flags: Shoulder (general), Rotator Cuff, Elbow (tendinitis/pain), Lower Back / Lumbar, Hamstring, Nerve / Sciatica, Upper Back / Thoracic, SI Joint / Pelvis', 'replacement': 'Injury Flags: SI Joint / Pelvis', 'week': 1, 'message': 'No matching exercise found to undo (may already be different)'}
E   assert False is True
E    +  where False = &lt;built-in method get of dict object at 0xf8aefe198d40&gt;('success')
E    +    where &lt;built-in method get of dict object at 0xf8aefe198d40&gt; = {'message': 'No matching exercise found to undo (may already be different)', 'original': 'Injury Flags: Shoulder (general), Rotator Cuff, Elbow (tendinitis/pain), Lower Back / Lumbar, Hamstring, Nerve / Sciatica, Upper Back / Thoracic, SI Joint / Pelvis', 'replacement': 'Injury Flags: SI Joint / Pelvis', 'reverted': 0, ...}.get</failure></testcase><testcase classname="backend.tests.test_phase2_batch3.TestChangelogUndo" name="test_change_log_structure" time="0.102" /><testcase classname="backend.tests.test_phase2_batch3.TestBatch2Regression" name="test_weekly_review" time="0.107" /><testcase classname="backend.tests.test_phase2_batch3.TestBatch2Regression" name="test_deload_check" time="0.106" /><testcase classname="backend.tests.test_phase2_batch3.TestBatch2Regression" name="test_warmup_today" time="0.100" /><testcase classname="backend.tests.test_phase2_batch3.TestDataIsolation" name="test_user_b_no_rehab_initially" time="0.419" /><testcase classname="backend.tests.test_phase2_batch3.TestDataIsolation" name="test_user_b_rehab_start_shoulder" time="3.095" /><testcase classname="backend.tests.test_phase2_batch3.TestDataIsolation" name="test_data_isolation_rehab_separate" time="0.226" /></testsuite></testsuites>