<?xml version="1.0" encoding="utf-8"?><testsuites name="pytest tests"><testsuite name="pytest" errors="0" failures="1" skipped="0" tests="20" time="20.469" timestamp="2026-04-04T04:27:11.137830+00:00" hostname="agent-env-ccde8a06-fc09-44c1-8db6-efeb0841abef"><testcase classname="backend.tests.test_phase2_batch2.TestWeeklyReview" name="test_weekly_review_returns_correct_fields" time="0.670" /><testcase classname="backend.tests.test_phase2_batch2.TestWeeklyReview" name="test_weekly_review_second_call_returns_cached" time="0.174" /><testcase classname="backend.tests.test_phase2_batch2.TestWeeklyReview" name="test_weekly_review_highlights_is_list" time="0.143"><failure message="AssertionError: highlights should not be empty&#10;assert 0 &gt; 0&#10; +  where 0 = len([])">backend/tests/test_phase2_batch2.py:60: in test_weekly_review_highlights_is_list
    assert len(data["highlights"]) &gt; 0, "highlights should not be empty"
E   AssertionError: highlights should not be empty
E   assert 0 &gt; 0
E    +  where 0 = len([])</failure></testcase><testcase classname="backend.tests.test_phase2_batch2.TestDeloadCheck" name="test_deload_check_response_structure" time="0.162" /><testcase classname="backend.tests.test_phase2_batch2.TestDeloadCheck" name="test_deload_urgency_valid_values" time="0.138" /><testcase classname="backend.tests.test_phase2_batch2.TestDeloadCheck" name="test_deload_stats_fields" time="0.151" /><testcase classname="backend.tests.test_phase2_batch2.TestDeloadCheck" name="test_deload_signals_is_list" time="0.137" /><testcase classname="backend.tests.test_phase2_batch2.TestWarmupToday" name="test_warmup_response_fields" time="0.117" /><testcase classname="backend.tests.test_phase2_batch2.TestWarmupToday" name="test_warmup_steps_is_list_of_strings" time="0.107" /><testcase classname="backend.tests.test_phase2_batch2.TestWarmupToday" name="test_warmup_session_focus_valid" time="0.148" /><testcase classname="backend.tests.test_phase2_batch2.TestAutoAdjust" name="test_auto_adjust_response_fields" time="0.099" /><testcase classname="backend.tests.test_phase2_batch2.TestAutoAdjust" name="test_auto_adjust_returns_valid_direction" time="0.139" /><testcase classname="backend.tests.test_phase2_batch2.TestAutoregulate" name="test_autoregulate_reduce_high_rpe" time="0.105" /><testcase classname="backend.tests.test_phase2_batch2.TestAutoregulate" name="test_autoregulate_increase_low_rpe" time="0.099" /><testcase classname="backend.tests.test_phase2_batch2.TestAutoregulate" name="test_autoregulate_maintain_on_target" time="0.110" /><testcase classname="backend.tests.test_phase2_batch2.TestAutoregulate" name="test_autoregulate_reduce_very_high_rpe" time="0.119" /><testcase classname="backend.tests.test_phase2_batch2.TestRegressions" name="test_pain_report_still_works" time="0.099" /><testcase classname="backend.tests.test_phase2_batch2.TestRegressions" name="test_readiness_today_still_works" time="0.099" /><testcase classname="backend.tests.test_phase2_batch2.TestRegressions" name="test_session_rating_still_works" time="3.697" /><testcase classname="backend.tests.test_phase2_batch2.TestRegressions" name="test_coach_chat_still_works" time="13.855" /></testsuite></testsuites>