<?xml version="1.0" encoding="utf-8"?><testsuites name="pytest tests"><testsuite name="pytest" errors="0" failures="3" skipped="0" tests="19" time="4.019" timestamp="2026-04-05T00:34:45.276011+00:00" hostname="agent-env-ccde8a06-fc09-44c1-8db6-efeb0841abef"><testcase classname="backend.tests.test_plan_endpoints.TestPlanYear" name="test_returns_200" time="0.870" /><testcase classname="backend.tests.test_plan_endpoints.TestPlanYear" name="test_has_plan_name" time="0.224" /><testcase classname="backend.tests.test_plan_endpoints.TestPlanYear" name="test_has_total_weeks" time="0.284" /><testcase classname="backend.tests.test_plan_endpoints.TestPlanYear" name="test_has_phases_array" time="0.245" /><testcase classname="backend.tests.test_plan_endpoints.TestPlanYear" name="test_phase_structure" time="0.221" /><testcase classname="backend.tests.test_plan_endpoints.TestPlanYear" name="test_phase_blocks_have_key_exercises" time="0.210" /><testcase classname="backend.tests.test_plan_endpoints.TestPlanYear" name="test_blocks_have_weeks_with_deload" time="0.287" /><testcase classname="backend.tests.test_plan_endpoints.TestPlanYear" name="test_requires_auth" time="0.239"><failure message="AssertionError: Expected auth error, got 200&#10;assert 200 in [401, 403, 422]&#10; +  where 200 = &lt;Response [200]&gt;.status_code">backend/tests/test_plan_endpoints.py:91: in test_requires_auth
    assert resp.status_code in [401, 403, 422], f"Expected auth error, got {resp.status_code}"
E   AssertionError: Expected auth error, got 200
E   assert 200 in [401, 403, 422]
E    +  where 200 = &lt;Response [200]&gt;.status_code</failure></testcase><testcase classname="backend.tests.test_plan_endpoints.TestPlanBlockCurrent" name="test_returns_200" time="0.126" /><testcase classname="backend.tests.test_plan_endpoints.TestPlanBlockCurrent" name="test_has_phase_and_block" time="0.110" /><testcase classname="backend.tests.test_plan_endpoints.TestPlanBlockCurrent" name="test_phase_has_required_fields" time="0.161" /><testcase classname="backend.tests.test_plan_endpoints.TestPlanBlockCurrent" name="test_block_has_name" time="0.165" /><testcase classname="backend.tests.test_plan_endpoints.TestPlanBlockCurrent" name="test_requires_auth" time="0.104"><failure message="AssertionError: Expected auth error, got 200&#10;assert 200 in [401, 403, 422]&#10; +  where 200 = &lt;Response [200]&gt;.status_code">backend/tests/test_plan_endpoints.py:122: in test_requires_auth
    assert resp.status_code in [401, 403, 422], f"Expected auth error, got {resp.status_code}"
E   AssertionError: Expected auth error, got 200
E   assert 200 in [401, 403, 422]
E    +  where 200 = &lt;Response [200]&gt;.status_code</failure></testcase><testcase classname="backend.tests.test_plan_endpoints.TestPlanSessionToday" name="test_returns_200" time="0.129" /><testcase classname="backend.tests.test_plan_endpoints.TestPlanSessionToday" name="test_has_session" time="0.099" /><testcase classname="backend.tests.test_plan_endpoints.TestPlanSessionToday" name="test_session_has_type" time="0.104" /><testcase classname="backend.tests.test_plan_endpoints.TestPlanSessionToday" name="test_session_has_exercises" time="0.151" /><testcase classname="backend.tests.test_plan_endpoints.TestPlanSessionToday" name="test_exercises_have_required_fields" time="0.103" /><testcase classname="backend.tests.test_plan_endpoints.TestPlanSessionToday" name="test_requires_auth" time="0.095"><failure message="AssertionError: Expected auth error, got 200&#10;assert 200 in [401, 403, 422]&#10; +  where 200 = &lt;Response [200]&gt;.status_code">backend/tests/test_plan_endpoints.py:162: in test_requires_auth
    assert resp.status_code in [401, 403, 422], f"Expected auth error, got {resp.status_code}"
E   AssertionError: Expected auth error, got 200
E   assert 200 in [401, 403, 422]
E    +  where 200 = &lt;Response [200]&gt;.status_code</failure></testcase></testsuite></testsuites>