<?xml version="1.0" encoding="utf-8"?><testsuites name="pytest tests"><testsuite name="pytest" errors="0" failures="0" skipped="0" tests="18" time="3.144" timestamp="2026-03-18T23:33:46.900167+00:00" hostname="agent-env-ccde8a06-fc09-44c1-8db6-efeb0841abef"><testcase classname="backend.tests.test_api.TestHealth" name="test_root" time="0.280" /><testcase classname="backend.tests.test_api.TestProfile" name="test_seed_idempotent" time="0.160" /><testcase classname="backend.tests.test_api.TestProfile" name="test_get_profile" time="0.161" /><testcase classname="backend.tests.test_api.TestProfile" name="test_update_profile_units" time="0.204" /><testcase classname="backend.tests.test_api.TestProfile" name="test_update_onboarding_complete" time="0.175" /><testcase classname="backend.tests.test_api.TestLog" name="test_create_log_entry" time="0.119" /><testcase classname="backend.tests.test_api.TestLog" name="test_get_log" time="0.200" /><testcase classname="backend.tests.test_api.TestLog" name="test_get_log_by_week" time="0.156" /><testcase classname="backend.tests.test_api.TestLog" name="test_week_stats" time="0.181" /><testcase classname="backend.tests.test_api.TestLog" name="test_delete_log_entry" time="0.154" /><testcase classname="backend.tests.test_api.TestPRs" name="test_get_all_prs" time="0.151" /><testcase classname="backend.tests.test_api.TestPRs" name="test_pr_fields" time="0.172" /><testcase classname="backend.tests.test_api.TestPRs" name="test_get_bests_overview" time="0.158" /><testcase classname="backend.tests.test_api.TestPRs" name="test_pr_history_for_exercise" time="0.155" /><testcase classname="backend.tests.test_api.TestBodyweight" name="test_get_bodyweight_history" time="0.170" /><testcase classname="backend.tests.test_api.TestCheckin" name="test_create_checkin" time="0.182" /><testcase classname="backend.tests.test_api.TestCheckin" name="test_get_checkins" time="0.114" /><testcase classname="backend.tests.test_api.TestCheckin" name="test_get_checkin_by_week" time="0.104" /></testsuite></testsuites>