<?xml version="1.0" encoding="utf-8"?><testsuites name="pytest tests"><testsuite name="pytest" errors="0" failures="0" skipped="0" tests="10" time="1.635" timestamp="2026-04-13T21:08:27.201689+00:00" hostname="agent-env-ccde8a06-fc09-44c1-8db6-efeb0841abef"><testcase classname="backend.tests.test_readiness_reset_plan_generator.TestReadinessEndpoint" name="test_score_low_below_3" time="0.662" /><testcase classname="backend.tests.test_readiness_reset_plan_generator.TestReadinessEndpoint" name="test_score_moderate_between_3_and_4" time="0.149" /><testcase classname="backend.tests.test_readiness_reset_plan_generator.TestReadinessEndpoint" name="test_score_high_5_no_adjustment" time="0.162" /><testcase classname="backend.tests.test_readiness_reset_plan_generator.TestReadinessTodayEndpoint" name="test_today_readiness_fields" time="0.261" /><testcase classname="backend.tests.test_readiness_reset_plan_generator.TestProfileResetEndpoint" name="test_reset_returns_200_success" time="0.130" /><testcase classname="backend.tests.test_readiness_reset_plan_generator.TestProfileResetEndpoint" name="test_reset_clears_readiness_checks" time="0.113" /><testcase classname="backend.tests.test_readiness_reset_plan_generator.TestPlanGeneratorCode" name="test_re_upper_exists" time="0.087" /><testcase classname="backend.tests.test_readiness_reset_plan_generator.TestPlanGeneratorCode" name="test_re_lower_exists" time="0.000" /><testcase classname="backend.tests.test_readiness_reset_plan_generator.TestPlanGeneratorCode" name="test_full_body_exists" time="0.000" /><testcase classname="backend.tests.test_readiness_reset_plan_generator.TestPlanGeneratorCode" name="test_goal_day_maps_defined" time="0.000" /></testsuite></testsuites>