<?xml version="1.0" encoding="utf-8"?><testsuites name="pytest tests"><testsuite name="pytest" errors="0" failures="0" skipped="0" tests="14" time="6.261" timestamp="2026-07-14T20:50:01.274345+00:00" hostname="agent-env-ccde8a06-fc09-44c1-8db6-efeb0841abef"><testcase classname="backend.tests.test_reorder_new_index.TestNewIndexPath" name="test_1_multi_position_jump_first_to_last" time="1.391" /><testcase classname="backend.tests.test_reorder_new_index.TestNewIndexPath" name="test_2_isolation_other_groups_unaffected" time="0.649" /><testcase classname="backend.tests.test_reorder_new_index.TestNewIndexPath" name="test_3_propagation_future_weeks_swapped_past_untouched" time="0.644" /><testcase classname="backend.tests.test_reorder_new_index.TestNewIndexPath" name="test_4a_clamp_negative_to_zero" time="0.740" /><testcase classname="backend.tests.test_reorder_new_index.TestNewIndexPath" name="test_4b_clamp_overflow_to_last" time="0.654" /><testcase classname="backend.tests.test_reorder_new_index.TestNewIndexPath" name="test_4c_current_position_is_noop" time="0.574" /><testcase classname="backend.tests.test_reorder_new_index.TestNewIndexValidation" name="test_5a_newindex_string_returns_400" time="0.048" /><testcase classname="backend.tests.test_reorder_new_index.TestNewIndexValidation" name="test_5b_newindex_boolean_returns_400" time="0.046" /><testcase classname="backend.tests.test_reorder_new_index.TestNewIndexValidation" name="test_5c_empty_body_returns_400" time="0.132" /><testcase classname="backend.tests.test_reorder_new_index.TestNewIndexValidation" name="test_5d_unknown_exercise_id_returns_404" time="0.072" /><testcase classname="backend.tests.test_reorder_new_index.TestDirectionRegression" name="test_6a_direction_up_swaps_adjacent" time="0.734" /><testcase classname="backend.tests.test_reorder_new_index.TestDirectionRegression" name="test_6b_direction_edge_noop" time="0.445" /><testcase classname="backend.tests.test_reorder_new_index.TestDirectionRegression" name="test_6c_invalid_direction_no_newindex_returns_400" time="0.049" /><testcase classname="backend.tests.test_reorder_new_index.TestDuplicateNameTiebreaker" name="test_7_disambiguation_code_review" time="0.002" /></testsuite></testsuites>