<?xml version="1.0" encoding="utf-8"?><testsuites name="pytest tests"><testsuite name="pytest" errors="0" failures="0" skipped="0" tests="8" time="5.955" timestamp="2026-07-14T20:21:13.445051+00:00" hostname="agent-env-ccde8a06-fc09-44c1-8db6-efeb0841abef"><testcase classname="backend.tests.test_reorder_isolated.TestReorderIsolatedGroup" name="test_1_response_shape_and_swap_in_group" time="1.837" /><testcase classname="backend.tests.test_reorder_isolated.TestReorderIsolatedGroup" name="test_2_category_isolation_no_cross_group_swap" time="0.597" /><testcase classname="backend.tests.test_reorder_isolated.TestReorderIsolatedGroup" name="test_3_last_in_group_down_noop" time="0.539" /><testcase classname="backend.tests.test_reorder_isolated.TestReorderIsolatedGroup" name="test_4_propagation_current_and_future_past_untouched" time="0.650" /><testcase classname="backend.tests.test_reorder_isolated.TestReorderIsolatedGroup" name="test_5_invalid_direction_returns_400" time="0.060" /><testcase classname="backend.tests.test_reorder_isolated.TestReorderIsolatedGroup" name="test_6_unknown_exercise_returns_404" time="0.083" /><testcase classname="backend.tests.test_reorder_isolated.TestReorderIsolatedGroup" name="test_7_display_group_helper_collapses_main_subcategories" time="2.109" /><testcase classname="backend.tests.test_reorder_isolated.TestReorderIsolatedGroup" name="test_8_boundary_same_name_disambiguation_code_review" time="0.003" /></testsuite></testsuites>