<?xml version="1.0" encoding="utf-8"?><testsuites name="pytest tests"><testsuite name="pytest" errors="0" failures="0" skipped="0" tests="14" time="1.073" timestamp="2026-04-03T05:46:55.096176+00:00" hostname="agent-env-ccde8a06-fc09-44c1-8db6-efeb0841abef"><testcase classname="backend.tests.test_session_sync.TestIntakeAndPlanGeneration" name="test_intake_returns_200" time="0.384" /><testcase classname="backend.tests.test_session_sync.TestIntakeAndPlanGeneration" name="test_plan_has_4_sessions" time="0.155" /><testcase classname="backend.tests.test_session_sync.TestIntakeAndPlanGeneration" name="test_session_day_numbers_correct" time="0.000" /><testcase classname="backend.tests.test_session_sync.TestIntakeAndPlanGeneration" name="test_monday_is_me_lower" time="0.000" /><testcase classname="backend.tests.test_session_sync.TestIntakeAndPlanGeneration" name="test_tuesday_is_me_upper" time="0.000" /><testcase classname="backend.tests.test_session_sync.TestIntakeAndPlanGeneration" name="test_thursday_is_de_lower" time="0.000" /><testcase classname="backend.tests.test_session_sync.TestIntakeAndPlanGeneration" name="test_friday_is_de_upper" time="0.000" /><testcase classname="backend.tests.test_session_sync.TestGetTodaySession" name="test_today_session_returns_200_when_plan_exists" time="0.045" /><testcase classname="backend.tests.test_session_sync.TestGetTodaySession" name="test_today_session_has_required_fields" time="0.044" /><testcase classname="backend.tests.test_session_sync.TestGetTodaySession" name="test_today_session_returns_correct_type_for_day" time="0.047" /><testcase classname="backend.tests.test_session_sync.TestGetTodaySession" name="test_today_session_status_is_planned_or_in_progress" time="0.045" /><testcase classname="backend.tests.test_session_sync.TestNoplan404" name="test_today_session_404_when_no_plan" time="0.245" /><testcase classname="backend.tests.test_session_sync.TestConjugateCalendarFallback" name="test_fallback_finds_de_upper_on_friday" time="0.045" /><testcase classname="backend.tests.test_session_sync.TestConjugateCalendarFallback" name="test_plan_sessions_contain_de_upper" time="0.000" /></testsuite></testsuites>