<?xml version="1.0" encoding="utf-8"?><testsuites name="pytest tests"><testsuite name="pytest" errors="0" failures="2" skipped="0" tests="16" time="3.505" timestamp="2026-04-14T17:36:24.379900+00:00" hostname="agent-env-ccde8a06-fc09-44c1-8db6-efeb0841abef"><testcase classname="backend.tests.test_userid_sync_fix6_8.TestBodyweight" name="test_get_bodyweight_user_a" time="0.734" /><testcase classname="backend.tests.test_userid_sync_fix6_8.TestBodyweight" name="test_get_bodyweight_user_b" time="0.527" /><testcase classname="backend.tests.test_userid_sync_fix6_8.TestBodyweight" name="test_bodyweight_isolation" time="0.262" /><testcase classname="backend.tests.test_userid_sync_fix6_8.TestCheckin" name="test_get_checkins_user_a" time="0.137" /><testcase classname="backend.tests.test_userid_sync_fix6_8.TestCheckin" name="test_get_checkins_user_b" time="0.151" /><testcase classname="backend.tests.test_userid_sync_fix6_8.TestCheckin" name="test_post_checkin_saves_userid" time="0.191"><failure message="AssertionError: userId missing from checkin response: {'week': 9999, 'date': '2099-01-01', 'avgPain': 0.0, 'avgRPE': 7.0, 'completionRate': 1.0, 'avgBodyweight': 100.0, 'avgCalories': None, 'avgProtein': None, 'avgCarbs': None, 'avgFat': None, 'personalNotes': 'TEST_checkin_userid_sync', 'recommendations': [], 'createdAt': '2026-04-14T17:36:26.421000', 'id': '69de7b1af5c80463d8704718'}&#10;assert 'userId' in {'avgBodyweight': 100.0, 'avgCalories': None, 'avgCarbs': None, 'avgFat': None, ...}">backend/tests/test_userid_sync_fix6_8.py:91: in test_post_checkin_saves_userid
    assert "userId" in data, f"userId missing from checkin response: {data}"
E   AssertionError: userId missing from checkin response: {'week': 9999, 'date': '2099-01-01', 'avgPain': 0.0, 'avgRPE': 7.0, 'completionRate': 1.0, 'avgBodyweight': 100.0, 'avgCalories': None, 'avgProtein': None, 'avgCarbs': None, 'avgFat': None, 'personalNotes': 'TEST_checkin_userid_sync', 'recommendations': [], 'createdAt': '2026-04-14T17:36:26.421000', 'id': '69de7b1af5c80463d8704718'}
E   assert 'userId' in {'avgBodyweight': 100.0, 'avgCalories': None, 'avgCarbs': None, 'avgFat': None, ...}</failure></testcase><testcase classname="backend.tests.test_userid_sync_fix6_8.TestCheckin" name="test_get_checkin_week" time="0.141" /><testcase classname="backend.tests.test_userid_sync_fix6_8.TestCheckin" name="test_checkin_isolation_user_b_no_test_checkin" time="0.127" /><testcase classname="backend.tests.test_userid_sync_fix6_8.TestCheckin" name="test_user_a_has_7_backfilled_checkins" time="0.132" /><testcase classname="backend.tests.test_userid_sync_fix6_8.TestSubstitutions" name="test_get_substitutions_user_a" time="0.170" /><testcase classname="backend.tests.test_userid_sync_fix6_8.TestSubstitutions" name="test_get_substitutions_user_b_empty" time="0.137" /><testcase classname="backend.tests.test_userid_sync_fix6_8.TestSubstitutions" name="test_post_substitution_saves_userid" time="0.143"><failure message="AssertionError: userId missing from substitution response: {'date': '2099-01-01', 'week': 9999, 'day': 'Day 1', 'sessionType': 'Strength', 'originalExercise': 'TEST_deadlift', 'replacementExercise': 'TEST_trap_bar_deadlift', 'reason': 'test userId sync', 'timestamp': '2026-04-14T17:36:27.292000', 'id': '69de7b1bf5c80463d8704719'}&#10;assert 'userId' in {'date': '2099-01-01', 'day': 'Day 1', 'id': '69de7b1bf5c80463d8704719', 'originalExercise': 'TEST_deadlift', ...}">backend/tests/test_userid_sync_fix6_8.py:157: in test_post_substitution_saves_userid
    assert "userId" in data, f"userId missing from substitution response: {data}"
E   AssertionError: userId missing from substitution response: {'date': '2099-01-01', 'week': 9999, 'day': 'Day 1', 'sessionType': 'Strength', 'originalExercise': 'TEST_deadlift', 'replacementExercise': 'TEST_trap_bar_deadlift', 'reason': 'test userId sync', 'timestamp': '2026-04-14T17:36:27.292000', 'id': '69de7b1bf5c80463d8704719'}
E   assert 'userId' in {'date': '2099-01-01', 'day': 'Day 1', 'id': '69de7b1bf5c80463d8704719', 'originalExercise': 'TEST_deadlift', ...}</failure></testcase><testcase classname="backend.tests.test_userid_sync_fix6_8.TestSubstitutions" name="test_user_a_has_234_backfilled_substitutions" time="0.134" /><testcase classname="backend.tests.test_userid_sync_fix6_8.TestLogMigration" name="test_user_a_has_128_backfilled_logs" time="0.138" /><testcase classname="backend.tests.test_userid_sync_fix6_8.TestLogMigration" name="test_week_stats_user_a" time="0.149" /><testcase classname="backend.tests.test_userid_sync_fix6_8.TestLogMigration" name="test_user_b_log_isolation" time="0.130" /></testsuite></testsuites>